This is pdfTeX, Version 3.1415926-2.5-1.40.14 (MiKTeX 2.9) (preloaded format=pdflatex 2014.11.14)  9 DEC 2014 08:42
entering extended mode
**schulzDezember.tex
("C:\Users\Medion\Uni\Doku Bachelorarbeit\schulzDezember.tex"
LaTeX2e <2011/06/27>
Babel <v3.8m> and hyphenation patterns for english, afrikaans, ancientgreek, ar
abic, armenian, assamese, basque, bengali, bokmal, bulgarian, catalan, coptic, 
croatian, czech, danish, dutch, esperanto, estonian, farsi, finnish, french, ga
lician, german, german-x-2013-05-26, greek, gujarati, hindi, hungarian, iceland
ic, indonesian, interlingua, irish, italian, kannada, kurmanji, latin, latvian,
 lithuanian, malayalam, marathi, mongolian, mongolianlmc, monogreek, ngerman, n
german-x-2013-05-26, nynorsk, oriya, panjabi, pinyin, polish, portuguese, roman
ian, russian, sanskrit, serbian, slovak, slovenian, spanish, swedish, swissgerm
an, tamil, telugu, turkish, turkmen, ukenglish, ukrainian, uppersorbian, usengl
ishmax, welsh, loaded.
("C:\Program Files\MiKTeX 2.9\tex\latex\base\article.cls"
Document Class: article 2007/10/19 v1.4h Standard LaTeX document class
("C:\Program Files\MiKTeX 2.9\tex\latex\base\size10.clo"
File: size10.clo 2007/10/19 v1.4h Standard LaTeX file (size option)
)
\c@part=\count79
\c@section=\count80
\c@subsection=\count81
\c@subsubsection=\count82
\c@paragraph=\count83
\c@subparagraph=\count84
\c@figure=\count85
\c@table=\count86
\abovecaptionskip=\skip41
\belowcaptionskip=\skip42
\bibindent=\dimen102
)
("C:\Program Files\MiKTeX 2.9\tex\latex\base\inputenc.sty"
Package: inputenc 2008/03/30 v1.1d Input encoding file
\inpenc@prehook=\toks14
\inpenc@posthook=\toks15

("C:\Program Files\MiKTeX 2.9\tex\latex\base\ansinew.def"
File: ansinew.def 2008/03/30 v1.1d Input encoding file
))
("C:\Program Files\MiKTeX 2.9\tex\generic\babel\babel.sty"
Package: babel 2008/07/08 v3.8m The Babel package

*************************************
* Local config file bblopts.cfg used
*
("C:\Program Files\MiKTeX 2.9\tex\latex\00miktex\bblopts.cfg"
File: bblopts.cfg 2006/07/31 v1.0 MiKTeX 'babel' configuration
)
("C:\Program Files\MiKTeX 2.9\tex\generic\babel\ngermanb.ldf"
Language: ngermanb 2008/07/06 v2.6n new German support from the babel system

("C:\Program Files\MiKTeX 2.9\tex\generic\babel\babel.def"
File: babel.def 2008/07/08 v3.8m Babel common definitions
\babel@savecnt=\count87
\U@D=\dimen103
)
\l@naustrian = a dialect from \language\l@ngerman 
Package babel Info: Making " an active character on input line 92.
))
("C:\Program Files\MiKTeX 2.9\tex\latex\graphics\graphicx.sty"
Package: graphicx 1999/02/16 v1.0f Enhanced LaTeX Graphics (DPC,SPQR)

("C:\Program Files\MiKTeX 2.9\tex\latex\graphics\keyval.sty"
Package: keyval 1999/03/16 v1.13 key=value parser (DPC)
\KV@toks@=\toks16
)
("C:\Program Files\MiKTeX 2.9\tex\latex\graphics\graphics.sty"
Package: graphics 2009/02/05 v1.0o Standard LaTeX Graphics (DPC,SPQR)

("C:\Program Files\MiKTeX 2.9\tex\latex\graphics\trig.sty"
Package: trig 1999/03/16 v1.09 sin cos tan (DPC)
)
("C:\Program Files\MiKTeX 2.9\tex\latex\00miktex\graphics.cfg"
File: graphics.cfg 2007/01/18 v1.5 graphics configuration of teTeX/TeXLive
)
Package graphics Info: Driver file: pdftex.def on input line 91.

("C:\Program Files\MiKTeX 2.9\tex\latex\pdftex-def\pdftex.def"
File: pdftex.def 2011/05/27 v0.06d Graphics/color for pdfTeX

("C:\Program Files\MiKTeX 2.9\tex\generic\oberdiek\infwarerr.sty"
Package: infwarerr 2010/04/08 v1.3 Providing info/warning/error messages (HO)
)
("C:\Program Files\MiKTeX 2.9\tex\generic\oberdiek\ltxcmds.sty"
Package: ltxcmds 2011/11/09 v1.22 LaTeX kernel commands for general use (HO)
)
\Gread@gobject=\count88
))
\Gin@req@height=\dimen104
\Gin@req@width=\dimen105
)
(C:\Users\Medion\AppData\Roaming\MiKTeX\2.9\tex\latex\babelbib\babelbib.sty
Package: babelbib 2012/01/03 v1.31 babelbib: multilingual bibliographies (HH)
\c@btxromaniannumeral=\count89
)
(C:\Users\Medion\AppData\Roaming\MiKTeX\2.9\tex\latex\natbib\natbib.sty
Package: natbib 2010/09/13 8.31b (PWD, AO)
\bibhang=\skip43
\bibsep=\skip44
LaTeX Info: Redefining \cite on input line 694.
\c@NAT@ctr=\count90
)
(C:\Users\Medion\AppData\Roaming\MiKTeX\2.9\tex\latex\url\url.sty
\Urlmuskip=\muskip10
Package: url 2013/09/16  ver 3.4  Verb mode for urls, etc.
)
(C:\Users\Medion\AppData\Roaming\MiKTeX\2.9\tex\latex\algorithm2e\algorithm2e.s
ty
Package: algorithm2e 2013/01/06 v5.00 algorithms environments
\c@AlgoLine=\count91
 ("C:\Program Files\MiKTeX 2.9\tex\latex\base\ifthen.sty"
Package: ifthen 2001/05/26 v1.1c Standard LaTeX ifthen package (DPC)
)
("C:\Program Files\MiKTeX 2.9\tex\latex\tools\xspace.sty"
Package: xspace 2009/10/20 v1.13 Space after command names (DPC,MH)
)
("C:\Program Files\MiKTeX 2.9\tex\latex\ltxmisc\relsize.sty"
Package: relsize 2003/07/04 ver 3.1
)
********************************************************
Package `algorithm2e' Release 5.0 -- january 06 2013 --
- algorithm2e-announce@lirmm.fr mailing list for announcement about releases
- algorithm2e-discussion@lirmm.fr mailing list for discussion about package
subscribe by emailing sympa@lirmm.fr with 'subscribe <list> <firstname name>'
- Author: Christophe Fiorio (cfiorio@um2.fr)
********************************************************
\skiptotal=\skip45
\skiplinenumber=\skip46
\skiprule=\skip47
\skiphlne=\skip48
\skiptext=\skip49
\skiplength=\skip50
\algomargin=\skip51
\skipalgocfslide=\skip52
\algowidth=\dimen106
\inoutsize=\dimen107
\inoutindent=\dimen108
\interspacetitleruled=\dimen109
\interspacealgoruled=\dimen110
\interspacetitleboxruled=\dimen111
\algocf@inoutbox=\box26
\algocf@inputbox=\box27
\AlCapSkip=\skip53
\AlCapHSkip=\skip54
\algoskipindent=\skip55
\algocf@nlbox=\box28
\algocf@hangingbox=\box29
\algocf@untilbox=\box30
\algocf@skipuntil=\skip56
\algocf@capbox=\box31
\algoheightruledefault=\skip57
\algoheightrule=\skip58
\algotitleheightruledefault=\skip59
\algotitleheightrule=\skip60
\c@algocfline=\count92
\c@algocfproc=\count93
\c@algocf=\count94
\algocf@algoframe=\box32
\algocf@algobox=\box33
) (C:\Users\Medion\AppData\Roaming\MiKTeX\2.9\tex\latex\caption\subcaption.sty
Package: subcaption 2013/02/03 v1.1-62 Sub-captions (AR)

(C:\Users\Medion\AppData\Roaming\MiKTeX\2.9\tex\latex\caption\caption.sty
Package: caption 2013/05/02 v3.3-89 Customizing captions (AR)

(C:\Users\Medion\AppData\Roaming\MiKTeX\2.9\tex\latex\caption\caption3.sty
Package: caption3 2013/05/02 v1.6-88 caption3 kernel (AR)
Package caption3 Info: TeX engine: e-TeX on input line 57.
\captionmargin=\dimen112
\captionmargin@=\dimen113
\captionwidth=\dimen114
\caption@tempdima=\dimen115
\caption@indent=\dimen116
\caption@parindent=\dimen117
\caption@hangindent=\dimen118
)
\c@ContinuedFloat=\count95
)
\c@subfigure=\count96
\c@subtable=\count97
)
("C:\Users\Medion\Uni\Doku Bachelorarbeit\schulzDezember.aux")
LaTeX Font Info:    Checking defaults for OML/cmm/m/it on input line 11.
LaTeX Font Info:    ... okay on input line 11.
LaTeX Font Info:    Checking defaults for T1/cmr/m/n on input line 11.
LaTeX Font Info:    ... okay on input line 11.
LaTeX Font Info:    Checking defaults for OT1/cmr/m/n on input line 11.
LaTeX Font Info:    ... okay on input line 11.
LaTeX Font Info:    Checking defaults for OMS/cmsy/m/n on input line 11.
LaTeX Font Info:    ... okay on input line 11.
LaTeX Font Info:    Checking defaults for OMX/cmex/m/n on input line 11.
LaTeX Font Info:    ... okay on input line 11.
LaTeX Font Info:    Checking defaults for U/cmr/m/n on input line 11.
LaTeX Font Info:    ... okay on input line 11.

(C:\Users\Medion\AppData\Roaming\MiKTeX\2.9\tex\context\base\supp-pdf.mkii
[Loading MPS to PDF converter (version 2006.09.02).]
\scratchcounter=\count98
\scratchdimen=\dimen119
\scratchbox=\box34
\nofMPsegments=\count99
\nofMParguments=\count100
\everyMPshowfont=\toks17
\MPscratchCnt=\count101
\MPscratchDim=\dimen120
\MPnumerator=\count102
\makeMPintoPDFobject=\count103
\everyMPtoPDFconversion=\toks18
)
babelbib: Use citation-dependent languages in bibliography
babelbib: Set bibliography fall-back language to ngerman
(C:\Users\Medion\AppData\Roaming\MiKTeX\2.9\tex\latex\babelbib\german.bdf
File: german.bdf 2012/01/03 v1.31 babelbib: multilingual bibliographies (HH)

babelbib extension \bibsngerman added to \extrasngerman
babelbib extension \btxifchangecaseoff added to \extrasngerman
)
Package caption Info: Begin \AtBeginDocument code.
Package caption Info: End \AtBeginDocument code.
LaTeX Font Info:    External font `cmex10' loaded for size
(Font)              <12> on input line 15.
LaTeX Font Info:    External font `cmex10' loaded for size
(Font)              <8> on input line 15.
LaTeX Font Info:    External font `cmex10' loaded for size
(Font)              <6> on input line 15.
 <pics/Logo_Osna.jpg, id=1, 335.2525pt x 250.9375pt>
File: pics/Logo_Osna.jpg Graphic file (type jpg)
 <use pics/Logo_Osna.jpg>
Package pdftex.def Info: pics/Logo_Osna.jpg used on input line 30.
(pdftex.def)             Requested size: 160.92448pt x 120.45044pt.

[1

{C:/Users/Medion/AppData/Local/MiKTeX/2.9/pdftex/config/pdftex.map} <C:/Users/M
edion/Uni/Doku Bachelorarbeit/pics/Logo_Osna.jpg>]
("C:\Users\Medion\Uni\Doku Bachelorarbeit\schulzDezember.toc"
LaTeX Font Info:    External font `cmex10' loaded for size
(Font)              <9> on input line 8.
LaTeX Font Info:    External font `cmex10' loaded for size
(Font)              <5> on input line 8.
)
\tf@toc=\write3
 [2]
<pics/pdf/Gleisfeldbeispiel.pdf, id=18, 722.7pt x 128.48pt>
File: pics/pdf/Gleisfeldbeispiel.pdf Graphic file (type pdf)

<use pics/pdf/Gleisfeldbeispiel.pdf>
Package pdftex.def Info: pics/pdf/Gleisfeldbeispiel.pdf used on input line 54.
(pdftex.def)             Requested size: 345.0pt x 61.33249pt.

<pics/pdf/Gleisfeldselektion.pdf, id=19, 722.7pt x 75.28125pt>
File: pics/pdf/Gleisfeldselektion.pdf Graphic file (type pdf)

<use pics/pdf/Gleisfeldselektion.pdf>
Package pdftex.def Info: pics/pdf/Gleisfeldselektion.pdf used on input line 64.

(pdftex.def)             Requested size: 345.0pt x 35.937pt.
 [3 <C:/Users/Medion/Uni/Doku Bachelorarbeit/pics/pdf/Gleisfeldbeispiel.pdf>]
<pics/pdf/Strokes.pdf, id=28, 722.7pt x 75.28125pt>
File: pics/pdf/Strokes.pdf Graphic file (type pdf)
 <use pics/pdf/Strokes.pdf>
Package pdftex.def Info: pics/pdf/Strokes.pdf used on input line 83.
(pdftex.def)             Requested size: 345.0pt x 35.937pt.

[4 <C:/Users/Medion/Uni/Doku Bachelorarbeit/pics/pdf/Gleisfeldselektion.pdf>]
Underfull \hbox (badness 10000) in paragraph at lines 91--92

 []

<pics/pdf/Hortonsche_Ordnung.pdf, id=36, 722.7pt x 128.48pt>
File: pics/pdf/Hortonsche_Ordnung.pdf Graphic file (type pdf)

<use pics/pdf/Hortonsche_Ordnung.pdf>
Package pdftex.def Info: pics/pdf/Hortonsche_Ordnung.pdf used on input line 95.

(pdftex.def)             Requested size: 345.0pt x 61.33249pt.
LaTeX Font Info:    External font `cmex10' loaded for size
(Font)              <7> on input line 96.
 [5 <C:/Users/Medion/Uni/Doku Bachelorarbeit/pics/pdf/Strokes.pdf> <C:/Users/Me
dion/Uni/Doku Bachelorarbeit/pics/pdf/Hortonsche_Ordnung.pdf

pdfTeX warning: pdflatex.exe (file C:/Users/Medion/Uni/Doku Bachelorarbeit/pics
/pdf/Hortonsche_Ordnung.pdf): PDF inclusion: multiple pdfs with page group incl
uded in a single page
>] <pics/pdf/PageRank.pdf, id=48, 481.8pt x 236.885pt>
File: pics/pdf/PageRank.pdf Graphic file (type pdf)

<use pics/pdf/PageRank.pdf>
Package pdftex.def Info: pics/pdf/PageRank.pdf used on input line 109.
(pdftex.def)             Requested size: 345.0pt x 169.62811pt.


LaTeX Warning: `h' float specifier changed to `ht'.

[6 <C:/Users/Medion/Uni/Doku Bachelorarbeit/pics/pdf/PageRank.pdf>]
<pics/pdf/GreedySelection.pdf, id=63, 627.34375pt x 161.60374pt>
File: pics/pdf/GreedySelection.pdf Graphic file (type pdf)

<use pics/pdf/GreedySelection.pdf>
Package pdftex.def Info: pics/pdf/GreedySelection.pdf used on input line 141.
(pdftex.def)             Requested size: 345.0pt x 88.87492pt.
 [7]

LaTeX Warning: Command \textquoteright invalid in math mode on input line 153.


Overfull \hbox (3.05212pt too wide) in paragraph at lines 155--156
[]\OT1/cmr/m/n/9 Ein an-de-rer An-satz, den man zu den Vor-pro-zes-sie-rungs An
s[]atzen z[]ahlen
 []


Underfull \hbox (badness 10000) in paragraph at lines 155--156

 []

[8 <C:/Users/Medion/Uni/Doku Bachelorarbeit/pics/pdf/GreedySelection.pdf>]
<pics/pdf/Wurzelbeispiel.pdf, id=86, 722.7pt x 128.48pt>
File: pics/pdf/Wurzelbeispiel.pdf Graphic file (type pdf)

<use pics/pdf/Wurzelbeispiel.pdf>
Package pdftex.def Info: pics/pdf/Wurzelbeispiel.pdf used on input line 167.
(pdftex.def)             Requested size: 345.0pt x 61.33249pt.

<pics/pdf/Wurzelbeispiel_2.pdf, id=87, 722.7pt x 197.73875pt>
File: pics/pdf/Wurzelbeispiel_2.pdf Graphic file (type pdf)

<use pics/pdf/Wurzelbeispiel_2.pdf>
Package pdftex.def Info: pics/pdf/Wurzelbeispiel_2.pdf used on input line 174.
(pdftex.def)             Requested size: 345.0pt x 94.39455pt.
 [9 <C:/Users/Medion/Uni/Doku Bachelorarbeit/pics/pdf/Wurzelbeispiel.pdf> <C:/U
sers/Medion/Uni/Doku Bachelorarbeit/pics/pdf/Wurzelbeispiel_2.pdf

pdfTeX warning: pdflatex.exe (file C:/Users/Medion/Uni/Doku Bachelorarbeit/pics
/pdf/Wurzelbeispiel_2.pdf): PDF inclusion: multiple pdfs with page group includ
ed in a single page
>] <pics/pdf/Feature_Zerlegung.pdf, id=105, 722.7pt x 75.28125pt>
File: pics/pdf/Feature_Zerlegung.pdf Graphic file (type pdf)

<use pics/pdf/Feature_Zerlegung.pdf>
Package pdftex.def Info: pics/pdf/Feature_Zerlegung.pdf used on input line 190.

(pdftex.def)             Requested size: 345.0pt x 35.937pt.

<pics/pdf/Nachbarschaftsgraph.pdf, id=106, 722.7pt x 75.28125pt>
File: pics/pdf/Nachbarschaftsgraph.pdf Graphic file (type pdf)

<use pics/pdf/Nachbarschaftsgraph.pdf>
Package pdftex.def Info: pics/pdf/Nachbarschaftsgraph.pdf used on input line 20
0.
(pdftex.def)             Requested size: 345.0pt x 35.937pt.
 [10 <C:/Users/Medion/Uni/Doku Bachelorarbeit/pics/pdf/Feature_Zerlegung.pdf> <
C:/Users/Medion/Uni/Doku Bachelorarbeit/pics/pdf/Nachbarschaftsgraph.pdf

pdfTeX warning: pdflatex.exe (file C:/Users/Medion/Uni/Doku Bachelorarbeit/pics
/pdf/Nachbarschaftsgraph.pdf): PDF inclusion: multiple pdfs with page group inc
luded in a single page
>] <pics/pdf/Gleisfeldgraph.pdf, id=117, 722.7pt x 75.28125pt>
File: pics/pdf/Gleisfeldgraph.pdf Graphic file (type pdf)

<use pics/pdf/Gleisfeldgraph.pdf>
Package pdftex.def Info: pics/pdf/Gleisfeldgraph.pdf used on input line 217.
(pdftex.def)             Requested size: 345.0pt x 35.937pt.
 [11 <C:/Users/Medion/Uni/Doku Bachelorarbeit/pics/pdf/Gleisfeldgraph.pdf>]
<pics/pdf/Gleisfeldgraph_Szenario.pdf, id=129, 723.70375pt x 185.69376pt>
File: pics/pdf/Gleisfeldgraph_Szenario.pdf Graphic file (type pdf)

<use pics/pdf/Gleisfeldgraph_Szenario.pdf>
Package pdftex.def Info: pics/pdf/Gleisfeldgraph_Szenario.pdf used on input lin
e 230.
(pdftex.def)             Requested size: 345.0pt x 88.5228pt.

<pics/pdf/Gleisfeldgraph_plus.pdf, id=130, 723.70375pt x 185.69376pt>
File: pics/pdf/Gleisfeldgraph_plus.pdf Graphic file (type pdf)

<use pics/pdf/Gleisfeldgraph_plus.pdf>
Package pdftex.def Info: pics/pdf/Gleisfeldgraph_plus.pdf used on input line 24
0.
(pdftex.def)             Requested size: 345.0pt x 88.5228pt.
 [12 <C:/Users/Medion/Uni/Doku Bachelorarbeit/pics/pdf/Gleisfeldgraph_Szenario.
pdf> <C:/Users/Medion/Uni/Doku Bachelorarbeit/pics/pdf/Gleisfeldgraph_plus.pdf

pdfTeX warning: pdflatex.exe (file C:/Users/Medion/Uni/Doku Bachelorarbeit/pics
/pdf/Gleisfeldgraph_plus.pdf): PDF inclusion: multiple pdfs with page group inc
luded in a single page
>]
Overfull \hbox (1.89517pt too wide) in paragraph at lines 249--251
\OT1/cmr/m/n/9 Um die Wur-zeln ef-fi-zi-ent durch ei-ne Brei-ten-su-che fin-den
 zu k[]onnen, m[]ussen
 []

<pics/pdf/Randfeatures.pdf, id=143, 723.70375pt x 185.69376pt>
File: pics/pdf/Randfeatures.pdf Graphic file (type pdf)

<use pics/pdf/Randfeatures.pdf>
Package pdftex.def Info: pics/pdf/Randfeatures.pdf used on input line 254.
(pdftex.def)             Requested size: 345.0pt x 88.5228pt.

Overfull \hbox (22.55753pt too wide) in paragraph at lines 262--264
\OT1/cmr/m/n/9 die ei-ne vor-be-stimm-te Rich-tung auf-wei-sen (sie-he Ab-bil-d
ung 15[]). Die []Uberlegung
 []

<pics/pdf/Flussgraph.pdf, id=144, 722.7pt x 128.48pt>
File: pics/pdf/Flussgraph.pdf Graphic file (type pdf)

<use pics/pdf/Flussgraph.pdf>
Package pdftex.def Info: pics/pdf/Flussgraph.pdf used on input line 269.
(pdftex.def)             Requested size: 345.0pt x 61.33249pt.
 [13 <C:/Users/Medion/Uni/Doku Bachelorarbeit/pics/pdf/Randfeatures.pdf>]
<pics/pdf/Wurzelsuch_Relation.pdf, id=153, 723.70375pt x 185.69376pt>
File: pics/pdf/Wurzelsuch_Relation.pdf Graphic file (type pdf)

<use pics/pdf/Wurzelsuch_Relation.pdf>
Package pdftex.def Info: pics/pdf/Wurzelsuch_Relation.pdf used on input line 28
1.
(pdftex.def)             Requested size: 345.0pt x 88.5228pt.
 [14 <C:/Users/Medion/Uni/Doku Bachelorarbeit/pics/pdf/Flussgraph.pdf>]
<pics/pdf/Wurzelsuch_Breitensuch.pdf, id=162, 723.70375pt x 97.36375pt>
File: pics/pdf/Wurzelsuch_Breitensuch.pdf Graphic file (type pdf)

<use pics/pdf/Wurzelsuch_Breitensuch.pdf>
Package pdftex.def Info: pics/pdf/Wurzelsuch_Breitensuch.pdf used on input line
 293.
(pdftex.def)             Requested size: 345.0pt x 46.41464pt.
 [15 <C:/Users/Medion/Uni/Doku Bachelorarbeit/pics/pdf/Wurzelsuch_Relation.pdf>
 <C:/Users/Medion/Uni/Doku Bachelorarbeit/pics/pdf/Wurzelsuch_Breitensuch.pdf

pdfTeX warning: pdflatex.exe (file C:/Users/Medion/Uni/Doku Bachelorarbeit/pics
/pdf/Wurzelsuch_Breitensuch.pdf): PDF inclusion: multiple pdfs with page group 
included in a single page
>] <pics/pdf/Wurzelsuch_Instanz_1.pdf, id=194, 723.70375pt x 185.69376pt>
File: pics/pdf/Wurzelsuch_Instanz_1.pdf Graphic file (type pdf)

<use pics/pdf/Wurzelsuch_Instanz_1.pdf>
Package pdftex.def Info: pics/pdf/Wurzelsuch_Instanz_1.pdf used on input line 3
06.
(pdftex.def)             Requested size: 345.0pt x 88.5228pt.
 [16 <C:/Users/Medion/Uni/Doku Bachelorarbeit/pics/pdf/Wurzelsuch_Instanz_1.pdf
>]

LaTeX Warning: Command \textdegree invalid in math mode on input line 361.


Underfull \hbox (badness 10000) in paragraph at lines 359--365

 []


Underfull \hbox (badness 10000) in paragraph at lines 359--365

 []

[17] [18]
Underfull \hbox (badness 10000) in paragraph at lines 374--377

 []

[19]
Underfull \hbox (badness 10000) in paragraph at lines 382--383

 []

<pics/pdf/Bad_Case1.pdf, id=219, 722.7pt x 128.48pt>
File: pics/pdf/Bad_Case1.pdf Graphic file (type pdf)

<use pics/pdf/Bad_Case1.pdf>
Package pdftex.def Info: pics/pdf/Bad_Case1.pdf used on input line 388.
(pdftex.def)             Requested size: 345.0pt x 61.33249pt.

<pics/pdf/Bad_Case1_Gleisfeld.pdf, id=220, 722.7pt x 128.48pt>
File: pics/pdf/Bad_Case1_Gleisfeld.pdf Graphic file (type pdf)

<use pics/pdf/Bad_Case1_Gleisfeld.pdf>
Package pdftex.def Info: pics/pdf/Bad_Case1_Gleisfeld.pdf used on input line 39
6.
(pdftex.def)             Requested size: 345.0pt x 61.33249pt.
 [20 <C:/Users/Medion/Uni/Doku Bachelorarbeit/pics/pdf/Bad_Case1.pdf> <C:/Users
/Medion/Uni/Doku Bachelorarbeit/pics/pdf/Bad_Case1_Gleisfeld.pdf

pdfTeX warning: pdflatex.exe (file C:/Users/Medion/Uni/Doku Bachelorarbeit/pics
/pdf/Bad_Case1_Gleisfeld.pdf): PDF inclusion: multiple pdfs with page group inc
luded in a single page
>] [21] ("C:\Users\Medion\Uni\Doku Bachelorarbeit\schulzDezember.bbl")
("C:\Users\Medion\Uni\Doku Bachelorarbeit\schulzDezember.lof"
Overfull \hbox (2.9904pt too wide) in paragraph at lines 4--4
 [][] []\OT1/cmr/m/n/9 M[]ogliche Ge-ne-ra-li-sie-rungs-er-geb-nis-se f[]ur Ab-
bil-dung 1[]; Links, 
 []

[22]
Overfull \hbox (1.05202pt too wide) in paragraph at lines 13--13
 [][] []\OT1/cmr/m/n/9 Nachbarschaftsgraph $\OML/cmm/m/it/9 G[]$ \OT1/cmr/m/n/9
 aus Ab-bil-dung 10[] (links) und 
 []


Overfull \hbox (9.04707pt too wide) in paragraph at lines 15--15
 \OT1/cmr/m/n/9 die k[]unstliche Erg[]anzung $\OML/cmm/m/it/9 G[]$ \OT1/cmr/m/n
/9 (rechts) ver-deut-licht durch 
 []


Overfull \hbox (2.50899pt too wide) in paragraph at lines 16--16
 \OT1/cmr/m/n/9 dar-aus re-sul-tie-ren-de Li-ni-en-men-ge des \OT1/cmr/m/it/9 u
n-voll-st[]andigen \OT1/cmr/m/n/9 Gleis- 
 []


Overfull \hbox (1.02858pt too wide) in paragraph at lines 19--19
 [][] []\OT1/cmr/m/n/9 Beispiel f[]ur ei-ne To-ken-ver-tei-lung von ei-nem ein-
zel-nen Rand- 
 []


Overfull \hbox (23.04025pt too wide) in paragraph at lines 20--20
 [][] []\OT1/cmr/m/n/9 Kursgraph-Instanz: Die Kno-ten A, B & C bil-den die Rand
feature- 
 []

)
\tf@lof=\write4
 [23]
<Screens/Testset1_Algo_Gleisfeld.pdf, id=247, page=1, 201.75375pt x 237.88875pt
>
File: Screens/Testset1_Algo_Gleisfeld.pdf Graphic file (type pdf)
 <use Screens/Testset1_Algo_Gleisfeld.pdf, page 1>
Package pdftex.def Info: Screens/Testset1_Algo_Gleisfeld.pdf, page1 used on inp
ut line 430.
(pdftex.def)             Requested size: 363.15646pt x 428.19939pt.

Overfull \hbox (18.15646pt too wide) in paragraph at lines 430--431
 [] 
 []


<Screens/Testset4_Algo_Gleisfeld.pdf, id=248, page=1, 383.4325pt x 451.6875pt>
File: Screens/Testset4_Algo_Gleisfeld.pdf Graphic file (type pdf)

<use Screens/Testset4_Algo_Gleisfeld.pdf, page 1>
Package pdftex.def Info: Screens/Testset4_Algo_Gleisfeld.pdf, page1 used on inp
ut line 438.
(pdftex.def)             Requested size: 421.77705pt x 496.85777pt.

Overfull \hbox (50.54652pt too wide) in paragraph at lines 437--439
[]  [] 
 []

<Screens/Testset3_Algo_Gleisfeld.pdf, id=249, page=1, 336.25626pt x 449.68pt>
File: Screens/Testset3_Algo_Gleisfeld.pdf Graphic file (type pdf)

<use Screens/Testset3_Algo_Gleisfeld.pdf, page 1>
Package pdftex.def Info: Screens/Testset3_Algo_Gleisfeld.pdf, page1 used on inp
ut line 445.
(pdftex.def)             Requested size: 386.69168pt x 517.12798pt.

Overfull \hbox (15.46115pt too wide) in paragraph at lines 444--446
[]  [] 
 []


LaTeX Warning: Float too large for page by 1.12798pt on input line 448.

[24 <C:/Users/Medion/Uni/Doku Bachelorarbeit/Screens/Testset1_Algo_Gleisfeld.pd
f>] [25 <C:/Users/Medion/Uni/Doku Bachelorarbeit/Screens/Testset4_Algo_Gleisfel
d.pdf>] [26 <C:/Users/Medion/Uni/Doku Bachelorarbeit/Screens/Testset3_Algo_Glei
sfeld.pdf>] ("C:\Users\Medion\Uni\Doku Bachelorarbeit\schulzDezember.aux") ) 
Here is how much of TeX's memory you used:
 4920 strings out of 493921
 74356 string characters out of 3147278
 163845 words of memory out of 3000000
 8156 multiletter control sequences out of 15000+200000
 9806 words of font info for 34 fonts, out of 3000000 for 9000
 841 hyphenation exceptions out of 8191
 42i,13n,40p,1651b,498s stack positions out of 5000i,500n,10000p,200000b,50000s
<C:
/Program Files/MiKTeX 2.9/fonts/type1/public/amsfonts/cm/cmbx10.pfb><C:/Program
 Files/MiKTeX 2.9/fonts/type1/public/amsfonts/cm/cmbx12.pfb><C:/Program Files/M
iKTeX 2.9/fonts/type1/public/amsfonts/cm/cmbx9.pfb><C:/Program Files/MiKTeX 2.9
/fonts/type1/public/amsfonts/cm/cmex10.pfb><C:/Program Files/MiKTeX 2.9/fonts/t
ype1/public/amsfonts/cm/cmmi10.pfb><C:/Program Files/MiKTeX 2.9/fonts/type1/pub
lic/amsfonts/cm/cmmi12.pfb><C:/Program Files/MiKTeX 2.9/fonts/type1/public/amsf
onts/cm/cmmi6.pfb><C:/Program Files/MiKTeX 2.9/fonts/type1/public/amsfonts/cm/c
mmi9.pfb><C:/Program Files/MiKTeX 2.9/fonts/type1/public/amsfonts/cm/cmr10.pfb>
<C:/Program Files/MiKTeX 2.9/fonts/type1/public/amsfonts/cm/cmr12.pfb><C:/Progr
am Files/MiKTeX 2.9/fonts/type1/public/amsfonts/cm/cmr17.pfb><C:/Program Files/
MiKTeX 2.9/fonts/type1/public/amsfonts/cm/cmr6.pfb><C:/Program Files/MiKTeX 2.9
/fonts/type1/public/amsfonts/cm/cmr7.pfb><C:/Program Files/MiKTeX 2.9/fonts/typ
e1/public/amsfonts/cm/cmr8.pfb><C:/Program Files/MiKTeX 2.9/fonts/type1/public/
amsfonts/cm/cmr9.pfb><C:/Program Files/MiKTeX 2.9/fonts/type1/public/amsfonts/c
m/cmsy10.pfb><C:/Program Files/MiKTeX 2.9/fonts/type1/public/amsfonts/cm/cmsy6.
pfb><C:/Program Files/MiKTeX 2.9/fonts/type1/public/amsfonts/cm/cmsy7.pfb><C:/P
rogram Files/MiKTeX 2.9/fonts/type1/public/amsfonts/cm/cmsy8.pfb><C:/Program Fi
les/MiKTeX 2.9/fonts/type1/public/amsfonts/cm/cmsy9.pfb><C:/Program Files/MiKTe
X 2.9/fonts/type1/public/amsfonts/cm/cmti10.pfb><C:/Program Files/MiKTeX 2.9/fo
nts/type1/public/amsfonts/cm/cmti9.pfb>
Output written on schulzDezember.pdf (26 pages, 667575 bytes).
PDF statistics:
 361 PDF objects out of 1000 (max. 8388607)
 0 named destinations out of 1000 (max. 500000)
 121 words of extra memory for PDF output out of 10000 (max. 10000000)

