3300|41163.31475126987|303
0|0.0|7.0|1358.6520699380264|12.707993722079225|120.98322080366634|0.16286798707846073|1.0|1.2|SRID=32632;LINESTRING(434330.327435169 5784062.95643668,434327.978668165 5784053.34285513)
5|9.89634561631616|11.0|1329.8300818424323|4.990043782376624|120.98322080366634|0.012274191456791456|0.0|1.2|SRID=32632;LINESTRING(434330.327435169 5784062.95643668,434305.803633608 5784060.36698592)
13|34.5564773727487|9.0|39.975829551356185|46.55226445370814|121.2859039821945|-0.13579917905283345|2.0|1.2|SRID=32632;LINESTRING(434305.803633608 5784060.36698592,434275.292297902 5784061.50332894)
25|65.0889663318726|11.0|1072.487596678463|2.7316124422775223|117.13961704710577|-0.022309274269700106|2.0|1.2|SRID=32632;LINESTRING(434275.292297902 5784061.50332894,434244.780962195 5784062.63967196)
35|95.6214552909036|9.0|119.56764885658173|64.73287082502391|116.45845937678216|-0.12281688974226623|2.0|1.2|SRID=32632;LINESTRING(434244.780962195 5784062.63967196,434214.269626489 5784063.77601498)
47|126.153944249993|9.0|774.4265529087401|10.911228338649705|112.70855404673674|-0.016002297184662274|2.0|1.2|SRID=32632;LINESTRING(434214.269626489 5784063.77601498,434183.758290783 5784064.912358)
59|156.686433209117|9.0|624.4568252372707|9.031743732458537|112.21996408462542|-0.04046398695948276|1.0|1.2|SRID=32632;LINESTRING(434183.758290783 5784064.912358,434171.319806846 5784066.53487734)
64|169.230294324069|9.0|615.0354867008032|153.54702568884053|111.71238945204843|-0.04200070949756383|1.0|1.2|SRID=32632;LINESTRING(434171.319806846 5784066.53487734,434140.92993481 5784072.73094553)
76|200.245380707321|7.0|604.4768534022489|103.72799704356372|110.40973381882361|0.006413083639788181|1.0|1.2|SRID=32632;LINESTRING(434140.92993481 5784072.73094553,434110.540062774 5784078.92701372)
92|231.260467090516|7.0|842.0683111446448|169.97748036671786|110.6086361618943|0.0557018268441687|1.0|1.2|SRID=32632;LINESTRING(434110.540062774 5784078.92701372,434080.150190738 5784085.1230819)
108|262.275553473768|7.0|932.2832525906405|125.34631216605675|112.33623313317113|0.07441706654336287|1.0|1.2|SRID=32632;LINESTRING(434080.150190738 5784085.1230819,434051.164847445 5784088.82383134)
123|291.496191252528|7.0|874.0428112051659|155.76496756580016|114.51074727919259|0.06233499007969291|1.0|1.2|SRID=32632;LINESTRING(434051.164847445 5784088.82383134,434013.653191301 5784089.20090397)
142|329.009742543088|9.0|1306.369166960492|202.200709330669|116.8491541267437|0.07076331481568873|1.0|1.2|SRID=32632;LINESTRING(434013.653191301 5784089.20090397,433983.459271865 5784089.90912858)
154|359.211966848694|9.0|969.6673318472991|214.4477427767172|118.98636363341535|0.015843592248781815|1.0|1.2|SRID=32632;LINESTRING(433983.459271865 5784089.90912858,433953.265352429 5784090.61735318)
166|389.414191154242|7.0|660.4854684090731|37.17980789311946|119.4648753603187|0.01803216400797839|0.0|1.2|SRID=32632;LINESTRING(433953.265352429 5784090.61735318,433952.261949099 5784080.97487601)
171|399.108735197581|7.0|712.8206625160267|61.04242346987926|119.63968896849076|0.028889187098791118|1.0|1.2|SRID=32632;LINESTRING(433952.261949099 5784080.97487601,433956.677697675 5784053.82845606)
185|426.611952305312|9.0|1118.6410055849728|1.6198047503743866|120.43423455333468|0.040142814819681835|0.0|1.2|SRID=32632;LINESTRING(433956.677697675 5784053.82845606,433954.223825041 5784036.3849628)
192|444.227199909351|9.0|560.2467980139338|104.11763126502687|135.61786065340812|-0.05093733908699251|1.0|1.2|SRID=32632;LINESTRING(433651.550289201 5783947.51890666,433669.089989248 5783961.36739278)
201|466.574943542677|11.0|1283.168139582533|267.3119683356002|134.47952605812822|0.006003436436109434|1.0|1.2|SRID=32632;LINESTRING(433669.089989248 5783961.36739278,433694.138349421 5783975.50480171)
210|495.337535196768|11.0|1237.0222126133463|250.71496780198268|134.65220044886132|-1.9797287545145166E-4|1.0|1.2|SRID=32632;LINESTRING(433694.138349421 5783975.50480171,433724.082761175 5783985.21613095)
220|526.817333654473|11.0|1220.714457352674|1.5020708156767897|134.64596830264202|-0.0023895219885880716|1.0|1.2|SRID=32632;LINESTRING(433724.082761175 5783985.21613095,433765.190775565 5783990.99614474)
234|568.329710199826|11.0|758.7565583569644|3.237982016604506|134.54677356608835|-0.06447062436397234|1.0|1.2|SRID=32632;LINESTRING(433765.190775565 5783990.99614474,433803.386321289 5783991.27211209)
247|606.526252859551|9.0|492.22799607812|7.680006376711654|132.0842186122708|-0.062031943695822336|1.0|1.2|SRID=32632;LINESTRING(433803.386321289 5783991.27211209,433841.581867014 5783991.54807944)
262|644.722795519269|11.0|1159.7262939161146|6.001895195573457|129.7148128286281|-0.010585533846428128|1.0|1.2|SRID=32632;LINESTRING(433841.581867014 5783991.54807944,433879.777412738 5783991.82404679)
275|682.919338178993|11.0|389.73774768259625|15.404910761052935|129.31048203348706|-0.11406192827656281|1.0|1.2|SRID=32632;LINESTRING(433879.777412738 5783991.82404679,433904.97298919 5783996.04882983)
283|708.466664153446|11.0|844.1165209029521|0.7488728146022317|126.3965047705311|-0.052999361322260304|1.0|1.2|SRID=32632;LINESTRING(433904.97298919 5783996.04882983,433922.845382429 5783999.5482016)
289|726.678419777949|11.0|747.3655406415118|8.341452558442665|125.43129335387536|-0.06600142822832927|1.0|1.2|SRID=32632;LINESTRING(433922.845382429 5783999.5482016,433931.963045141 5784004.14330078)
292|736.888547580793|11.0|308.6977145334223|4.481755313333065|124.75741033649388|-0.12495264928247232|1.0|1.2|SRID=32632;LINESTRING(433931.963045141 5784004.14330078,433940.098960861 5784010.46464054)
295|747.191579220578|11.0|448.16913860019673|1.2274659662883678|123.47001923746157|-0.106209513220174|1.0|1.2|SRID=32632;LINESTRING(433940.098960861 5784010.46464054,433945.770114148 5784015.96228392)
298|755.090064035592|11.0|605.3590860888422|2.3912093993469736|122.63112501008202|-0.08508523924707215|1.0|1.2|SRID=32632;LINESTRING(433945.770114148 5784015.96228392,433950.173422715 5784022.23328371)
301|762.75260700148|9.0|485.6341027679009|1.886245286558975|121.97915570858844|-0.06310747923934343|1.0|1.2|SRID=32632;LINESTRING(433950.173422715 5784022.23328371,433952.839880781 5784029.47300077)
304|770.46775454677|11.0|868.066822886456|7.169556852704797|121.49227219504559|-0.04978075384181309|1.0|1.2|SRID=32632;LINESTRING(433952.839880781 5784029.47300077,433954.223825041 5784036.3849628)
306|777.516904912275|11.0|804.673235751947|115.044800717115|138.67509843048987|-0.058300023198168106|2.0|1.2|SRID=32632;LINESTRING(433604.048043926 5783906.32796415,433637.554411929 5783936.47082852)
321|822.5865063002|9.0|724.7977163745807|0.013700236384623053|136.04753962404163|-0.024097298902897975|2.0|1.2|SRID=32632;LINESTRING(433637.554411929 5783936.47082852,433651.550289201 5783947.51890666)
328|840.417507706828|11.0|1664.7221126579293|40.373584471655256|138.67509843048987|0.05727930230121136|2.0|1.2|SRID=32632;LINESTRING(433604.048043926 5783906.32796415,433569.903238506 5783902.01342426)
339|874.833826389971|11.0|1420.9317905948565|16.678116944219436|140.6464411524364|0.02451707012588036|2.0|1.2|SRID=32632;LINESTRING(433569.903238506 5783902.01342426,433535.758433086 5783897.69888436)
350|909.250145073054|11.0|1349.143783993731|0.13410118899105908|141.4902284510642|0.0148697005348029|1.0|1.2|SRID=32632;LINESTRING(433535.758433086 5783897.69888436,433517.461610133 5783895.73061516)
356|927.652531163551|11.0|1193.8007765469094|65.25021485755144|141.76386642135571|-0.006006368842020926|1.0|1.2|SRID=32632;LINESTRING(433517.461610133 5783895.73061516,433493.603298237 5783891.90143363)
364|951.816174881233|11.0|1475.4412160508782|120.63505914088951|141.61873066462013|0.031842424296715945|1.0|1.2|SRID=32632;LINESTRING(433493.603298237 5783891.90143363,433462.800175668 5783877.87566476)
375|985.662216782837|11.0|1567.3255808904514|198.88520849003245|142.69647069161542|0.044190481712129186|1.0|1.2|SRID=32632;LINESTRING(433462.800175668 5783877.87566476,433430.041992345 5783859.7882841)
387|1023.08215683472|11.0|1665.9654790340082|44.252604513214514|144.3500758681471|0.05744639448742848|1.0|1.2|SRID=32632;LINESTRING(433430.041992345 5783859.7882841,433397.283809022 5783841.70090345)
399|1060.50209688665|11.0|1430.3630302910055|9.972172720046636|146.49971650606636|0.025784505444934953|1.0|1.2|SRID=32632;LINESTRING(433397.283809022 5783841.70090345,433382.056819412 5783841.33825997)
404|1075.73340421289|11.0|756.7026017738035|7.581308283538126|151.83830834654182|-0.06474664927704563|0.0|1.2|SRID=32632;LINESTRING(433304.788654503 5783836.08134501,433347.241805799 5783832.4731798)
418|1118.33961163793|11.0|834.0810498635732|11.63864185634366|149.07969917736756|-0.05434799743463182|0.0|1.2|SRID=32632;LINESTRING(433347.241805799 5783832.4731798,433369.716812041 5783836.58724868)
425|1141.18805728285|11.0|706.427765524848|22.510693081575006|147.83793191207178|-0.07150293001791479|0.0|1.2|SRID=32632;LINESTRING(433369.716812041 5783836.58724868,433382.056819412 5783841.33825997)
429|1154.4110633762|11.0|422.75357989285146|4.315098129649426|156.78834527757644|-0.10962503204876957|0.0|1.2|SRID=32632;LINESTRING(433246.57377687 5783820.43469153,433281.341615085 5783832.88172421)
441|1191.33979469299|11.0|954.9504216719417|24.089730202800023|152.74003192345288|-0.038104734008253205|0.0|1.2|SRID=32632;LINESTRING(433281.341615085 5783832.88172421,433304.788654503 5783836.08134501)
449|1215.00413982962|11.0|385.8939126474951|45.290566197582635|167.31926856376725|-0.11457848945420904|0.0|1.2|SRID=32632;LINESTRING(433182.071134308 5783776.48431993,433223.528104655 5783806.45050306)
466|1266.15736574382|11.0|-50.58922097507118|1.4252593950311239|161.4582092078089|-0.17323611639913275|0.0|1.2|SRID=32632;LINESTRING(433223.528104655 5783806.45050306,433246.57377687 5783820.43469153)
475|1293.11400750709|11.0|1093.3526982016956|3.2599608042620445|167.79639240358688|-0.019505277397793352|0.0|1.2|SRID=32632;LINESTRING(433171.781959593 5783789.51612306,433171.892529492 5783784.03035853)
477|1298.60088622956|11.0|1000.1423479706219|2.293234076777161|167.68936931205704|-0.03203152991500477|0.0|1.2|SRID=32632;LINESTRING(433171.892529492 5783784.03035853,433176.596652697 5783779.57282514)
479|1305.08150187131|7.0|448.9299179687702|15.202367513856652|167.48178527826067|-0.025855386909020783|0.0|1.2|SRID=32632;LINESTRING(433176.596652697 5783779.57282514,433182.071134308 5783776.48431993)
482|1311.36710552773|11.0|1703.1221677463411|40.732670728837036|167.79639240358688|0.06243976769502036|0.0|1.2|SRID=32632;LINESTRING(433171.781959593 5783789.51612306,433142.684133086 5783800.67695099)
492|1342.53195090988|11.0|-463.8461269933441|4.3869651889571815|178.25356101861516|-0.22877244199423472|0.0|1.2|SRID=32632;LINESTRING(433109.815951733 5783818.10732639,433142.684133086 5783800.67695099)
504|1379.73592021196|11.0|452.01563371288194|2.951934775706798|178.57005439624106|-0.1056925945628761|0.0|1.2|SRID=32632;LINESTRING(433107.112299992 5783816.82003387,433109.815951733 5783818.10732639)
505|1382.73039091196|11.0|514.2193641244818|23.283598699889254|179.36706604819096|-0.09733322639489245|0.0|1.2|SRID=32632;LINESTRING(433099.716884092 5783813.30448154,433107.112299992 5783816.82003387)
508|1390.91887578471|11.0|-95.39254600031133|12.04558129262323|186.95918669814964|-0.17925709756147754|0.0|1.2|SRID=32632;LINESTRING(433061.460240966 5783795.13233158,433099.716884092 5783813.30448154)
522|1433.27212568799|11.0|829.7523634944744|63.44762080591086|196.81182963344892|-0.05492971629302817|0.0|1.2|SRID=32632;LINESTRING(432996.1053748 5783768.68324293,433003.19826046 5783771.04580719)
524|1440.74813644653|11.0|-870.78038586493|159.10607697636888|196.4011744834787|-0.2834590864698013|0.0|1.2|SRID=32632;LINESTRING(433003.19826046 5783771.04580719,433032.329250713 5783783.08906939)
534|1472.27042629649|11.0|1118.8810311062296|33.39772977527315|187.46589499917158|-0.016074603191410786|0.0|1.2|SRID=32632;LINESTRING(433032.329250713 5783783.08906939,433061.460240966 5783795.13233158)
544|1503.7927161464|11.0|-317.07770429115124|0.7601099165697135|203.3313089547076|-0.20904868471016858|0.0|1.2|SRID=32632;LINESTRING(432966.524935847 5783758.80446787,432996.1053748 5783768.68324293)
554|1534.97913250821|11.0|636.711648627752|74.21159205574968|207.97997058058434|-0.08087186471891677|0.0|1.2|SRID=32632;LINESTRING(432933.17577621 5783747.24148321,432958.999356568 5783756.2920693)
563|1562.34280205594|11.0|-1045.9612336336525|3.7986016082941765|205.76701959870678|-0.3070011022426232|0.0|1.2|SRID=32632;LINESTRING(432958.999356568 5783756.2920693,432966.524935847 5783758.80446787)
566|1570.2766844629|11.0|476.5466068958296|305.12141131181454|213.4148317799535|-0.10239595246443126|0.0|1.2|SRID=32632;LINESTRING(432880.362228091 5783741.96057678,432933.17577621 5783747.24148321)
583|1623.35359881903|7.0|576.4512825603704|459.4022670456017|213.80875317807|-0.008599773631947853|0.0|1.3|SRID=32632;LINESTRING(432836.760217291 5783727.92291064,432880.362228091 5783741.96057678)
607|1669.15961825344|9.0|1932.7455003328057|109.41858742765616|191.22395983952134|0.1486819555440574|0.0|1.3|SRID=32632;LINESTRING(432553.706022274 5783617.05357004,432568.556786032 5783631.90266014)
615|1690.16058635174|7.0|704.3421883775948|3.351910686403251|194.346424844695|0.01589054746822725|0.0|1.3|SRID=32632;LINESTRING(432568.556786032 5783631.90266014,432580.706947226 5783635.66422212)
622|1702.87969660201|7.0|777.8956879776314|330.0734414775687|194.54853846988055|0.029975589807523045|0.0|1.3|SRID=32632;LINESTRING(432580.706947226 5783635.66422212,432611.243210987 5783636.29454872)
638|1733.42246524044|7.0|1294.5201836990313|25.57719974192024|195.46407597417237|0.12890600012547937|0.0|1.3|SRID=32632;LINESTRING(432611.243210987 5783636.29454872,432644.022353962 5783645.2879753)
655|1767.41296296839|5.0|375.9108035704402|342.6727856269832|199.84565507855578|-0.0011752569799297781|0.0|1.3|SRID=32632;LINESTRING(432644.022353962 5783645.2879753,432676.801496937 5783654.28140188)
679|1801.40346069628|7.0|1479.6974481662162|87.34622779055663|199.8057075088498|0.16436630622210427|0.0|1.3|SRID=32632;LINESTRING(432676.801496937 5783654.28140188,432694.93445398 5783669.75372877)
691|1825.2403445236|5.0|448.9601492608203|251.3872027476031|203.723688055393|0.018035616311425934|0.0|1.3|SRID=32632;LINESTRING(432694.93445398 5783669.75372877,432718.50199018 5783687.77766461)
712|1854.91004330036|7.0|1364.3411370636954|258.4143106107344|204.2587993586061|0.1422762828402233|0.0|1.3|SRID=32632;LINESTRING(432718.50199018 5783687.77766461,432759.384319095 5783702.08498502)
734|1898.2236004724|7.0|928.3446769768858|99.94838520095273|210.42129126963218|0.058785644957607186|0.0|1.3|SRID=32632;LINESTRING(432759.384319095 5783702.08498502,432800.26664801 5783716.39230543)
756|1941.53715764414|9.0|1091.234498126328|207.72225998851602|212.96750666338096|0.021980809420854275|0.0|1.3|SRID=32632;LINESTRING(432800.26664801 5783716.39230543,432836.760217291 5783727.92291064)
771|1979.80902009388|9.0|959.0989090282469|101.7351477008273|191.29298135335648|0.002085964863274009|0.0|1.3|SRID=32632;LINESTRING(432529.250057886 5783589.57570411,432544.292685537 5783606.9584555)
780|2002.79685802232|7.0|577.1054795252293|30.7706438190985|191.34093317555784|-0.008474498940758699|0.0|1.3|SRID=32632;LINESTRING(432544.292685537 5783606.9584555,432553.706022274 5783617.05357004)
787|2016.59983762668|5.0|470.71137201082144|33.91984093885655|190.97648346727232|0.023755858980722747|0.0|1.3|SRID=32632;LINESTRING(432523.562804075 5783577.52763884,432529.250057886 5783589.57570411)
797|2029.92277772079|7.0|1134.7034821732748|202.6184820053703|188.61418766273775|0.09830208569914578|0.0|1.3|SRID=32632;LINESTRING(432508.978725802 5783554.67666393,432517.164800897 5783563.98747602)
803|2042.32048102241|5.0|670.7472912788589|322.70681287094783|189.83290775516625|0.07636228087895747|0.0|1.3|SRID=32632;LINESTRING(432517.164800897 5783563.98747602,432523.562804075 5783577.52763884)
814|2057.2961430762807|11.0|2906.8360549937993|15.984522737179969|184.81800909279576|0.22420317779654406|0.0|1.2|SRID=32632;LINESTRING(432505.935564798 5783538.02051435,432508.978725802 5783554.67666393)
820|2074.228010890335|7.0|222.41390445680688|37.120194137183724|195.54410352656123|-0.07284651078089102|0.0|1.2|SRID=32632;LINESTRING(432640.541902548 5783424.67896725,432616.358780814 5783427.85555131)
833|2098.6188711269638|9.0|1113.0428127904631|60.901266264929674|193.76731446337845|0.039229688833756694|0.0|1.2|SRID=32632;LINESTRING(432616.358780814 5783427.85555131,432600.439152622 5783439.49670235)
841|2118.3407107820976|7.0|529.7279839146629|86.09058659450824|194.5409960962786|-0.009093693699765792|0.0|1.2|SRID=32632;LINESTRING(432600.439152622 5783439.49670235,432577.211856523 5783446.5984856)
853|2142.6294449875204|11.0|1685.931786978688|7.633619780954041|194.32012178705946|0.060129605252450195|0.0|1.2|SRID=32632;LINESTRING(432577.211856523 5783446.5984856,432566.227735518 5783457.22703792)
858|2157.9139809244675|11.0|182.3078420464505|42.00186896974137|195.23917489941496|-0.14193779582966523|0.0|1.2|SRID=32632;LINESTRING(432566.227735518 5783457.22703792,432546.596365599 5783462.83387734)
865|2178.3303305753907|11.0|774.9435750877333|26.86610763292687|192.34132323107508|-0.06229530093082059|0.0|1.2|SRID=32632;LINESTRING(432546.596365599 5783462.83387734,432523.961283058 5783481.28577671)
875|2207.5334049344806|9.0|-417.29546187309154|242.83387273166863|190.52210892577045|-0.21038508813883328|0.0|1.2|SRID=32632;LINESTRING(432523.961283058 5783481.28577671,432506.743633216 5783510.02073393)
888|2241.031841210053|7.0|723.1477925052692|135.23192749201937|183.4745374574211|0.031031567396949466|0.0|1.2|SRID=32632;LINESTRING(432506.743633216 5783510.02073393,432504.059943135 5783527.78944244)
897|2259.0020719916997|5.0|616.2962309020461|10.943968575389754|184.03218188506048|0.07554885783228407|0.0|1.2|SRID=32632;LINESTRING(432504.059943135 5783527.78944244,432505.935564798 5783538.02051435)
904|2269.403648273366|7.0|1017.8278851271482|146.92436699489454|193.44627466961967|0.09216344288899968|0.0|1.2|SRID=32632;LINESTRING(432647.287387237 5783402.93938727,432640.541902548 5783424.67896725)
916|2292.165697858126|9.0|1355.508712664414|19.857847408288826|192.05173869837796|0.07877850789064171|0.0|1.2|SRID=32632;LINESTRING(432650.818230321 5783385.59310747,432647.287387237 5783402.93938727)
923|2309.867682937325|7.0|446.49144743093234|284.7121629010087|192.05173869837796|-0.026361251679130705|0.0|1.2|SRID=32632;LINESTRING(432650.818230321 5783385.59310747,432676.787345175 5783389.57873421)
937|2336.140865971837|7.0|1103.5842603572642|1.1754967109437944|191.35914470799332|0.10995374560871501|0.0|1.2|SRID=32632;LINESTRING(432676.787345175 5783389.57873421,432678.925250522 5783384.92198151)
940|2341.2649253944905|9.0|911.6074201347041|120.02505033011035|191.92255423423578|0.0063733906906499015|0.0|1.2|SRID=32632;LINESTRING(432678.925250522 5783384.92198151,432697.344424836 5783373.58087457)
949|2362.8956139883326|7.0|608.0901460791242|247.2698188124061|192.0604150635521|0.007162667217266239|0.0|1.2|SRID=32632;LINESTRING(432697.344424836 5783373.58087457,432740.503171898 5783354.19487646)
973|2410.208343466829|9.0|1500.4419991889772|503.2970223282919|192.39930039994712|0.10241869946834178|0.0|1.2|SRID=32632;LINESTRING(432740.503171898 5783354.19487646,432724.210008213 5783311.16475039)
991|2456.219852163246|7.0|893.4929095589857|377.1192193912496|197.11173928121053|0.06636994534353406|0.0|1.2|SRID=32632;LINESTRING(432724.210008213 5783311.16475039,432710.140621811 5783289.4520126)
1004|2482.092436420615|7.0|1184.1003333261183|226.09913354133496|198.82890128426806|0.12665693890571406|0.0|1.2|SRID=32632;LINESTRING(432710.140621811 5783289.4520126,432678.468082747 5783253.63917641)
1029|2529.9015251667356|7.0|1045.4988260146758|282.92414524675075|204.8842541167234|0.0738048844008399|1.0|1.35|SRID=32632;LINESTRING(432678.468082747 5783253.63917641,432700.452876196 5783235.508335)
1044|2558.3981662490137|5.0|756.6462475321|394.2525298310291|206.98744541761315|0.09158253627920979|1.0|1.35|SRID=32632;LINESTRING(432700.452876196 5783235.508335,432719.827528471 5783213.43052907)
1065|2587.771737120812|5.0|1347.895317573741|99.73890344690075|209.67755153762954|0.24131322828089158|1.0|1.35|SRID=32632;LINESTRING(432719.827528471 5783213.43052907,432733.008680206 5783189.83496222)
1084|2614.799381044954|7.0|1525.297438369267|18.696945311534087|216.19967954579056|0.1622804580931275|1.0|1.35|SRID=32632;LINESTRING(432733.008680206 5783189.83496222,432736.911140086 5783175.15354691)
1092|2629.9906004976588|11.0|1719.7638443645062|136.28559541163605|218.6649175975688|0.038996882813833005|1.0|1.35|SRID=32632;LINESTRING(432736.911140086 5783175.15354691,432737.530821987 5783134.17435286)
1105|2670.9744796502446|9.0|731.0205975488668|62.67424837699876|220.26316113013849|-0.03633087847888756|1.0|1.35|SRID=32632;LINESTRING(432737.530821987 5783134.17435286,432738.664527512 5783110.92031299)
1114|2694.2561389254647|9.0|970.348254192033|158.36853266874246|219.4173179962236|-0.0016313784472562099|1.0|1.35|SRID=32632;LINESTRING(432738.664527512 5783110.92031299,432752.999008999 5783086.14110842)
1125|2722.8828107342556|7.0|977.114886571605|545.9227291659807|219.37061706081806|0.06119478483453913|1.0|1.35|SRID=32632;LINESTRING(432752.999008999 5783086.14110842,432780.270141524 5783063.53370576)
1143|2758.3060986125606|7.0|1958.8658397611712|1250.4924422736376|221.5383375406629|0.2422311125140431|1.0|1.35|SRID=32632;LINESTRING(432780.270141524 5783063.53370576,432821.152865673 5783049.50788865)
1165|2801.5278602532767|11.0|4006.766463797308|10.024787099554198|232.0079929477103|0.312190886102765|1.0|1.35|SRID=32632;LINESTRING(432821.152865673 5783049.50788865,432846.295191045 5783043.31579377)
1173|2827.4214610882595|11.0|1320.1238587927683|30.31924732220659|240.09173913677492|-0.008742130077963161|1.0|1.35|SRID=32632;LINESTRING(432846.295191045 5783043.31579377,432865.484803677 5783030.18502873)
1181|2850.673519567945|11.0|1394.124229566728|0.6509781905778971|239.8884666169651|9.758762276127526E-5|1.0|1.35|SRID=32632;LINESTRING(432865.484803677 5783030.18502873,432879.907366878 5783011.84598211)
1189|2874.004420968881|11.0|1144.8877175384607|3.8091840429466646|239.8907434241697|-0.02967497140634001|1.0|1.35|SRID=32632;LINESTRING(432879.907366878 5783011.84598211,432889.547063574 5782987.13077672)
1198|2900.5329929174227|11.0|976.0946625322526|2.0418303316108077|239.10350881014568|-0.049838153570054125|1.0|1.35|SRID=32632;LINESTRING(432889.547063574 5782987.13077672,432890.589544444 5782980.30859852)
1200|2907.4343610240417|11.0|1059.054155746555|0.05999215312893389|238.75955736660453|-0.03992822348538411|1.0|1.35|SRID=32632;LINESTRING(432890.589544444 5782980.30859852,432892.781980647 5782966.01757949)
1205|2921.8925767315836|11.0|1227.7454601625038|7.918040178379032|238.18226649863388|-0.019777195943118067|1.0|1.35|SRID=32632;LINESTRING(432892.781980647 5782966.01757949,432891.194306153 5782935.60303088)
1215|2952.348536375138|11.0|1308.9833702349997|1.9190358096380284|237.57993301712762|-0.00405889192855608|2.0|1.3|SRID=32632;LINESTRING(432891.194306153 5782935.60303088,432874.002783659 5782913.56500528)
1224|2980.298903414193|9.0|881.0656666545274|0.3663583140957493|237.46648549795262|-0.009663021446514096|2.0|1.3|SRID=32632;LINESTRING(432874.002783659 5782913.56500528,432857.757289246 5782892.73789319)
1235|3006.7126249826706|11.0|1719.8356489277671|65.45673953593979|237.21124913995416|0.04690711587325847|2.0|1.3|SRID=32632;LINESTRING(432857.757289246 5782892.73789319,432833.793115797 5782856.77514764)
1249|3049.9283706792967|11.0|1639.4815112079755|200.43097981535604|239.2383751308951|0.0369392276021618|2.0|1.3|SRID=32632;LINESTRING(432833.793115797 5782856.77514764,432821.647679461 5782826.50370734)
1260|3082.545417165231|11.0|1967.69518627673|1.7045220794600497|240.44322363474944|0.07765396034610562|2.0|1.3|SRID=32632;LINESTRING(432821.647679461 5782826.50370734,432809.502243125 5782796.23226705)
1271|3115.1624636511706|11.0|1377.3073004976006|4.525213968741244|242.97606646917555|0.004416655472309915|2.0|1.3|SRID=32632;LINESTRING(432809.502243125 5782796.23226705,432794.197557745 5782748.02685459)
1288|3165.7390905113307|11.0|1587.2697106336964|3.194021798907163|243.19944600496845|0.03046238136467166|2.0|1.3|SRID=32632;LINESTRING(432794.197557745 5782748.02685459,432789.890990868 5782734.45799487)
1293|3179.974977291201|11.0|1576.5156774612776|26.206870433318418|243.6331050171211|0.029128349239280114|2.0|1.3|SRID=32632;LINESTRING(432789.890990868 5782734.45799487,432779.665078838 5782716.45294736)
1300|3200.681280989771|11.0|637.7125377997277|11.642597872189201|244.23624546270764|-0.0873296835422253|2.0|1.3|SRID=32632;LINESTRING(432779.665078838 5782716.45294736,432740.973564922 5782676.00704231)
1318|3256.6536356324405|11.0|1006.3113954281267|57.50068434928806|239.34819744465045|-0.04160519026838624|2.0|1.3|SRID=32632;LINESTRING(432740.973564922 5782676.00704231,432710.56934025 5782640.71071283)
1333|3303.239553599261|11.0|30.243316965781855|12.089618984603197|237.40998146381327|-0.1626859189923321|2.0|1.3|SRID=32632;LINESTRING(432710.56934025 5782640.71071283,432696.13823773 5782615.15390159)
1343|3332.589295006471|11.0|993.2453121974958|14.919492006135817|232.63519181079363|-0.043226030980260344|2.0|1.3|SRID=32632;LINESTRING(432696.13823773 5782615.15390159,432692.983113253 5782598.79953922)
1348|3349.2452242485606|11.0|913.9580446715981|21.444094004977647|231.9152220973701|-0.05306157456825454|2.0|1.3|SRID=32632;LINESTRING(432692.983113253 5782598.79953922,432693.87283841 5782577.71805603)
1355|3370.345474111171|9.0|326.7383104193824|39.111617857575624|230.7956096158765|-0.09312468882612246|2.0|1.3|SRID=32632;LINESTRING(432693.87283841 5782577.71805603,432690.070325953 5782533.82874868)
1373|3414.399195866301|7.0|1228.7629684665417|73.9625680014159|226.69312048579786|0.11631389824453309|0.0|1.3|SRID=32632;LINESTRING(432690.070325953 5782533.82874868,432688.927057941 5782520.62861864)
1380|3427.6487428383207|7.0|691.9606000901894|82.53187064510873|228.2342269440885|0.01351954953877255|0.0|1.3|SRID=32632;LINESTRING(432688.927057941 5782520.62861864,432688.302531674 5782513.40631187)
1384|3434.8980012910906|7.0|707.2836066417796|86.80122909171698|228.33223365286008|0.01645381095689747|2.0|1.3|SRID=32632;LINESTRING(432688.302531674 5782513.40631187,432695.400041637 5782486.25567699)
1398|3462.9609951107104|9.0|1063.8571996381336|53.59481499082099|228.79397684805272|0.017858777638600585|2.0|1.3|SRID=32632;LINESTRING(432695.400041637 5782486.25567699,432705.283983808 5782453.32709733)
1412|3497.3409845053907|11.0|985.1803875272304|143.42528376176222|229.4079614338697|-0.04422648061868906|2.0|1.3|SRID=32632;LINESTRING(432705.283983808 5782453.32709733,432712.631887152 5782435.03914961)
1418|3517.049883906521|9.0|497.8770773040977|8.079187412614386|228.53630617648983|-0.06735737520389994|2.0|1.3|SRID=32632;LINESTRING(432712.631887152 5782435.03914961,432717.797483433 5782422.19835924)
1424|3530.8907394501207|9.0|509.8843001453223|132.38534183711786|227.6040224764965|-0.0655495213650899|2.0|1.3|SRID=32632;LINESTRING(432717.797483433 5782422.19835924,432740.320192211 5782395.55042447)
1438|3565.7817818275907|9.0|783.8479652782435|121.44939257433664|225.31693134872427|-0.024300493987623115|2.0|1.3|SRID=32632;LINESTRING(432740.320192211 5782395.55042447,432761.506410811 5782370.6561612)
1451|3598.4709268522706|9.0|768.495900369483|100.82940114610186|224.52256897659169|-0.026611960164770597|2.0|1.3|SRID=32632;LINESTRING(432761.506410811 5782370.6561612,432782.69262941 5782345.76189793)
1464|3631.1600718769405|9.0|737.5364564047754|109.93648058065072|223.6526467513747|-0.031273333603002926|2.0|1.3|SRID=32632;LINESTRING(432782.69262941 5782345.76189793,432801.325650644 5782313.31010495)
1479|3668.5807659859306|7.0|469.07910271899|98.67626891849741|222.4823769008483|-0.029160885031840677|2.0|1.3|SRID=32632;LINESTRING(432801.325650644 5782313.31010495,432819.958671878 5782280.85831198)
1498|3706.0014600957306|9.0|1088.667464637546|527.4761131510745|221.39115634210077|0.021594306945767795|2.0|1.3|SRID=32632;LINESTRING(432819.958671878 5782280.85831198,432836.223879304 5782235.86271854)
1517|3753.8466312360906|7.0|779.422664334005|85.66979567227|222.42433965357858|0.030267996378897346|2.0|1.3|SRID=32632;LINESTRING(432836.223879304 5782235.86271854,432843.699676153 5782214.3360922)
1529|3776.634417003831|7.0|712.694030810794|290.536470933102|223.11408027067958|0.017489873875840892|3.0|1.3|SRID=32632;LINESTRING(432843.699676153 5782214.3360922,432854.853317525 5782186.18522095)
1545|3806.9143652843804|9.0|1374.688235858897|123.12274280224129|223.64367274707342|0.06465869877637609|3.0|1.3|SRID=32632;LINESTRING(432854.853317525 5782186.18522095,432858.165148691 5782161.12187753)
1555|3832.1955719172306|7.0|484.2710513326432|87.95655924479433|225.2783226714501|-0.02625172040196894|1.0|1.3|SRID=32632;LINESTRING(432858.165148691 5782161.12187753,432859.113957195 5782153.93387208)
1559|3839.4459277647206|9.0|1066.3426739794747|658.8416490825635|225.087988356927|0.01823300025349455|1.0|1.3|SRID=32632;LINESTRING(432859.113957195 5782153.93387208,432860.358837311 5782101.45494504)
1580|3891.9396179608807|9.0|1231.6906116757564|388.37653554033886|226.04510582358034|0.04312842427088193|1.0|1.3|SRID=32632;LINESTRING(432860.358837311 5782101.45494504,432858.602255536 5782065.65857948)
1594|3927.7790566679705|9.0|1043.198632492353|423.1408185040654|227.59080434177034|0.01474834399272972|1.0|1.3|SRID=32632;LINESTRING(432858.602255536 5782065.65857948,432856.845673761 5782029.86221392)
1608|3963.618495375071|9.0|1102.8004428469012|318.1995752856569|228.11937671232897|0.023722222721752163|1.0|1.3|SRID=32632;LINESTRING(432856.845673761 5782029.86221392,432853.068080494 5781998.832161)
1621|3994.8776443564807|11.0|1446.7227127855488|85.59092941248075|228.86091320655845|0.027983032899450797|1.0|1.2|SRID=32632;LINESTRING(432853.068080494 5781998.832161,432850.776999722 5781981.13110289)
1627|4012.726356054961|9.0|488.64898223279994|0.7241734336357702|229.36037429322968|-0.06261571968677296|1.0|1.2|SRID=32632;LINESTRING(432850.776999722 5781981.13110289,432849.219079821 5781963.54248318)
1634|4030.383837693521|11.0|794.7239824248328|96.56891121161856|228.2547383725751|-0.05963707277714922|1.0|1.2|SRID=32632;LINESTRING(432849.219079821 5781963.54248318,432857.278882599 5781932.08513916)
1645|4062.8572870531207|9.0|503.6407483094778|57.91200307655795|226.31811690979177|-0.060170399976999696|1.0|1.2|SRID=32632;LINESTRING(432857.278882599 5781932.08513916,432861.131415586 5781897.44761898)
1659|4097.708396283331|9.0|720.649128559731|123.52387340977967|224.22111172776803|-0.024773978588232614|1.0|1.2|SRID=32632;LINESTRING(432861.131415586 5781897.44761898,432867.171861165 5781840.56531937)
1682|4154.910520303321|11.0|1188.6424309379756|158.15662002839687|222.8039875320953|-0.0066995830559829096|1.0|1.2|SRID=32632;LINESTRING(432867.171861165 5781840.56531937,432873.525618303 5781815.90579192)
1690|4180.37544763221|7.0|339.8333780289379|64.36476239252978|222.63338313644084|-0.048487645630253935|1.0|1.2|SRID=32632;LINESTRING(432873.525618303 5781815.90579192,432881.782657905 5781797.47234814)
1700|4200.573728555651|7.0|733.7021134963794|79.00549789744025|221.65401604868447|0.033221078846437074|1.0|1.2|SRID=32632;LINESTRING(432881.782657905 5781797.47234814,432892.466521183 5781784.03424193)
1709|4217.741361854981|7.0|761.0791666015826|349.2126163857598|222.22434334812803|0.038900494062021534|1.0|1.2|SRID=32632;LINESTRING(432892.466521183 5781784.03424193,432919.070549 5781754.99589849)
1729|4257.124095203921|11.0|2006.2938922545554|286.8706957105449|223.7563511329147|0.1031820840563887|1.0|1.2|SRID=32632;LINESTRING(432919.070549 5781754.99589849,432943.786363419 5781723.84738275)
1742|4296.887162428151|9.0|688.8926482811394|259.46495879827773|227.85918727758477|-0.029953805083729405|1.0|1.2|SRID=32632;LINESTRING(432943.786363419 5781723.84738275,432955.933840255 5781691.68974754)
1756|4331.262658001151|9.0|989.3770301046934|385.34405168980936|226.82951038353428|0.019058457887425117|1.0|1.2|SRID=32632;LINESTRING(432955.933840255 5781691.68974754,432968.549358086 5781653.67445987)
1772|4371.3165390493505|9.0|1100.760865140361|610.5625988895296|227.5928755887193|0.037226369911250314|1.0|1.2|SRID=32632;LINESTRING(432968.549358086 5781653.67445987,432979.50809107 5781614.49130789)
1788|4412.003308731771|9.0|1261.385051616378|552.5978918891911|223.14429980885924|0.06342591751939561|0.0|1.2|SRID=32632;LINESTRING(432953.696012618 5781519.60547709,432965.238164081 5781558.97391706)
1804|4453.0288535332|7.0|849.4112575339338|148.22893050072386|225.74638262962264|0.05722513328954442|0.0|1.2|SRID=32632;LINESTRING(432965.238164081 5781558.97391706,432975.96250796 5781592.49095267)
1822|4488.219807312431|7.0|865.0051045125556|154.91090928884543|227.76018965022507|0.06046010278971488|0.0|1.2|SRID=32632;LINESTRING(432975.96250796 5781592.49095267,432979.50809107 5781614.49130789)
1833|4510.504034679223|9.0|1261.385051616378|523.2631205427908|223.14429980885924|0.06342591751939561|0.0|1.2|SRID=32632;LINESTRING(432953.696012618 5781519.60547709,432965.238164081 5781558.97391706)
1849|4551.529579480647|7.0|849.4112575339338|119.02852213971941|225.74638262962264|0.05722513328954442|0.0|1.2|SRID=32632;LINESTRING(432965.238164081 5781558.97391706,432975.96250796 5781592.49095267)
1867|4586.720533259873|9.0|1243.2022346716515|28.52472664341665|227.76018965022507|0.06046010278971488|0.0|1.2|SRID=32632;LINESTRING(432975.96250796 5781592.49095267,432979.50809107 5781614.49130789)
1876|4609.004760626671|9.0|688.8926482811394|220.31479638990226|227.85918727758477|-0.029953805083729405|1.0|1.2|SRID=32632;LINESTRING(432943.786363419 5781723.84738275,432955.933840255 5781691.68974754)
1890|4643.380256199679|9.0|989.3770301046934|337.2831824785805|226.82951038353428|0.019058457887425117|1.0|1.2|SRID=32632;LINESTRING(432955.933840255 5781691.68974754,432968.549358086 5781653.67445987)
1906|4683.434137247876|9.0|1100.760865140361|418.54332834144054|227.5928755887193|0.037226369911250314|1.0|1.2|SRID=32632;LINESTRING(432968.549358086 5781653.67445987,432979.50809107 5781614.49130789)
1922|4724.120906930299|9.0|1166.9492471140534|156.3949403672152|227.85918727758477|0.04802241316395671|1.0|1.2|SRID=32632;LINESTRING(432943.786363419 5781723.84738275,432952.679878814 5781730.2014382)
1926|4735.05107786603|9.0|915.4680016982603|80.89459956769699|228.3840804622131|0.007003093431492255|0.0|1.2|SRID=32632;LINESTRING(432952.679878814 5781730.2014382,432951.218252123 5781759.15540554)
1938|4764.041913961045|9.0|804.4197594536937|99.75119065839209|228.58710599604356|-0.011110079766877716|0.0|1.2|SRID=32632;LINESTRING(432951.218252123 5781759.15540554,432957.455228239 5781786.00290822)
1949|4791.604357093846|9.0|835.8341188953342|25.286132160789293|228.2808850542681|-0.005986056891944506|0.0|1.2|SRID=32632;LINESTRING(432957.455228239 5781786.00290822,432968.397990563 5781813.95484605)
1961|4821.6219332032415|9.0|679.0161380514232|132.5508130741807|228.101198135919|-0.03156477106365308|0.0|1.2|SRID=32632;LINESTRING(432968.397990563 5781813.95484605,432978.148922101 5781840.75486918)
1972|4850.140732367774|7.0|582.6381134698206|97.23032949856125|227.20100876928024|0.0018826007063328083|0.0|1.2|SRID=32632;LINESTRING(432978.148922101 5781840.75486918,432990.164561616 5781861.08335526)
1984|4873.754773509483|11.0|1637.1601707278915|0.0068976546309240305|227.245464579813|0.0535753376274977|0.0|1.2|SRID=32632;LINESTRING(432990.164561616 5781861.08335526,432999.867797885 5781884.36879659)
1992|4898.981041011544|11.0|516.3764496791189|34.03813902399875|228.59697037831748|-0.09704334229627434|0.0|1.2|SRID=32632;LINESTRING(432999.867797885 5781884.36879659,433010.778564779 5781909.98515995)
2001|4926.824225205163|11.0|704.4942791091332|43.08296798376493|225.8949747239979|-0.07176276531540911|0.0|1.2|SRID=32632;LINESTRING(433010.778564779 5781909.98515995,433023.31162435 5781925.61229313)
2008|4946.856321290714|11.0|727.5643706992241|5.641002817215674|224.4574161138348|-0.06866244660470507|0.0|1.2|SRID=32632;LINESTRING(433023.31162435 5781925.61229313,433039.96837776 5781941.78447391)
2016|4970.07241194782|9.0|342.445842845132|43.553103201362205|222.8633425287213|-0.08646303804451876|0.0|1.2|SRID=32632;LINESTRING(433039.96837776 5781941.78447391,433057.817662007 5781959.68711624)
2026|4995.352869829878|11.0|1063.9113851346547|4.07867302622761|220.67751733708198|-0.023461804983000187|0.0|1.2|SRID=32632;LINESTRING(433057.817662007 5781959.68711624,433080.865858012 5781971.67941185)
2035|5021.334295753771|9.0|70.24255565179115|120.25849830051106|220.06794618887534|-0.13086234762782611|0.0|1.2|SRID=32632;LINESTRING(433080.865858012 5781971.67941185,433094.239399638 5781980.19809677)
2041|5037.190512462232|9.0|866.7830709543231|141.5168141501374|217.99296444591056|-9.379470108541088E-4|1.0|1.2|SRID=32632;LINESTRING(433094.239399638 5781980.19809677,433113.455496807 5781990.97408833)
2050|5059.221862502706|9.0|896.1872062552599|110.87624004989661|217.97230020699502|0.0038581864955295015|1.0|1.2|SRID=32632;LINESTRING(433113.455496807 5781990.97408833,433134.569240458 5782004.04952976)
2060|5084.056462147504|9.0|852.980840364572|59.43477427575536|218.06811672396645|-0.0031892405760904916|2.0|1.2|SRID=32632;LINESTRING(433134.569240458 5782004.04952976,433140.799283481 5782007.65876637)
2063|5091.256463880511|9.0|763.7924819918682|6.131581317441134|218.04515418629163|-0.017736829532295852|2.0|1.2|SRID=32632;LINESTRING(433140.799283481 5782007.65876637,433155.622644188 5782021.78693578)
2071|5111.734188205796|11.0|905.6525095260057|15.797587469552377|217.6819442807247|-0.044729728921161886|2.0|1.2|SRID=32632;LINESTRING(433155.622644188 5782021.78693578,433167.823342181 5782053.3933336)
2082|5145.613701406583|11.0|645.688454002555|11.413849368458772|216.16652283927255|-0.07966549943175838|2.0|1.2|SRID=32632;LINESTRING(433167.823342181 5782053.3933336,433180.569211403 5782073.71241657)
2090|5169.599578816317|11.0|1013.0621041906213|0.966658329237741|214.2556759361172|-0.030295283581080225|2.0|1.2|SRID=32632;LINESTRING(433180.569211403 5782073.71241657,433191.29976626 5782099.75430622)
2099|5197.765601321522|11.0|1422.235316583712|1.712054535795386|212.71318938134772|0.024692246977578377|2.0|1.2|SRID=32632;LINESTRING(433198.719830876 5782127.75419399,433195.02554452 5782114.92208348)
2103|5211.118908466301|11.0|1376.8872271471623|0.8639577059209795|213.04291253933405|0.018598056600146053|2.0|1.2|SRID=32632;LINESTRING(433195.02554452 5782114.92208348,433195.495230474 5782106.13871682)
2106|5219.914824275389|11.0|1429.288644831747|0.026733469507303743|213.2064994794016|0.025640122084823868|2.0|1.2|SRID=32632;LINESTRING(433195.495230474 5782106.13871682,433191.29976626 5782099.75430622)
2109|5227.554367368098|11.0|1511.0593268748923|94.21966215073918|212.1431306700519|0.036629032750193066|2.0|1.2|SRID=32632;LINESTRING(433204.201558455 5782142.3198572,433198.719830876 5782127.75419399)
2114|5243.117396705606|11.0|1826.952214767607|11.388914162909174|208.37988421074175|0.07908090716463091|3.0|1.2|SRID=32632;LINESTRING(433244.022847809 5782179.82845875,433226.252706312 5782167.18587836)
2121|5264.925944748972|11.0|1626.7188557046466|73.41256069690662|210.10452397395457|0.05217216138935804|3.0|1.2|SRID=32632;LINESTRING(433226.252706312 5782167.18587836,433211.980625206 5782153.32818813)
2128|5284.818854983852|7.0|931.4410364535715|7.341790983992033|211.14238009723275|0.07424234740448042|3.0|1.2|SRID=32632;LINESTRING(433211.980625206 5782153.32818813,433204.201558455 5782142.3198572)
2135|5298.29836644605|11.0|2831.7695745519745|78.60433144204488|190.4741157079506|0.2141152241812905|3.0|1.2|SRID=32632;LINESTRING(433565.553127702 5782436.58429413,433553.635405293 5782423.28368587)
2141|5316.157209838438|11.0|1800.3646401421636|87.61869537740854|194.29796596453045|0.07550788471859482|3.0|1.2|SRID=32632;LINESTRING(433553.635405293 5782423.28368587,433542.814833687 5782404.10592013)
2148|5338.177007044181|11.0|1816.0045529673632|40.21262630412693|195.9606342734685|0.07760968453921513|3.0|1.2|SRID=32632;LINESTRING(433542.814833687 5782404.10592013,433533.036661715 5782374.96912612)
2158|5368.910789959016|11.0|1720.5308612262136|0.01074478669358305|198.34587347018558|0.06477926851207574|3.0|1.2|SRID=32632;LINESTRING(433533.036661715 5782374.96912612,433520.507241282 5782359.91916449)
2164|5388.493632479859|9.0|1100.4531245499425|1.1929204882862097|199.61443568407293|0.037176174081926514|3.0|1.2|SRID=32632;LINESTRING(433520.507241282 5782359.91916449,433507.475146574 5782350.72732829)
2170|5404.441213656745|11.0|1887.8305117899738|4.44888067641666|200.2073057380905|0.08726215441270467|3.0|1.2|SRID=32632;LINESTRING(433507.475146574 5782350.72732829,433477.882459055 5782331.81264111)
2181|5439.562326191375|11.0|1249.5000608262212|0.8469665455239019|203.2720496832334|0.0014788867994497833|3.0|1.2|SRID=32632;LINESTRING(433477.882459055 5782331.81264111,433445.812044052 5782303.55364846)
2195|5482.306708091896|11.0|1430.4819037564791|0.2523192412137702|203.33526378537672|0.02580048048464274|3.0|1.2|SRID=32632;LINESTRING(433445.812044052 5782303.55364846,433407.907344955 5782277.72043806)
2210|5528.177406507983|9.0|659.6168670799734|189.8206988742266|204.51874984467796|-0.034729002643781266|3.0|1.2|SRID=32632;LINESTRING(433407.907344955 5782277.72043806,433381.576330527 5782261.68824538)
2222|5559.005210885103|9.0|955.6841733116164|360.0630051373172|203.44813094496288|0.01356278737247159|3.0|1.2|SRID=32632;LINESTRING(433381.576330527 5782261.68824538,433355.245316098 5782245.65605271)
2234|5589.833015262763|9.0|1120.052501984049|576.3028126749051|203.8662419008972|0.040373045197295857|3.0|1.2|SRID=32632;LINESTRING(433355.245316098 5782245.65605271,433313.867244573 5782223.96396159)
2253|5636.552300577293|9.0|1279.1461075938578|156.00488070420596|205.75244171848618|0.06632293845915543|3.0|1.2|SRID=32632;LINESTRING(433313.867244573 5782223.96396159,433281.935994014 5782205.66033326)
2268|5673.357566126883|9.0|914.9745317159145|116.84448180086612|208.19347508050427|0.006922603123156347|3.0|1.2|SRID=32632;LINESTRING(433281.935994014 5782205.66033326,433256.466862124 5782188.43795183)
2280|5704.103087775423|5.0|344.9890822629966|273.79147900118943|208.40631412469153|-0.0017466261104650796|3.0|1.2|SRID=32632;LINESTRING(433256.466862124 5782188.43795183,433244.022847809 5782179.82845875)
2291|5719.235069251843|7.0|1524.0899849477532|51.73888768102509|184.95998581074235|0.19718835779660177|3.0|1.2|SRID=32632;LINESTRING(433658.919457045 5782529.40051798,433654.601076497 5782513.25029302)
2300|5735.952670068683|9.0|1093.7054586332788|318.680529603048|188.25650206211378|0.03607555655784094|3.0|1.2|SRID=32632;LINESTRING(433654.601076497 5782513.25029302,433646.069949443 5782489.3583659)
2310|5761.322027767693|9.0|1084.5179621615666|15.46042030392969|189.1717157606205|0.03457697619773911|3.0|1.2|SRID=32632;LINESTRING(433646.069949443 5782489.3583659,433636.528551138 5782478.36184821)
2316|5775.880931675033|7.0|394.1439098055805|17.488086041982072|189.67511863448993|-0.0372208354533718|3.0|1.2|SRID=32632;LINESTRING(433636.528551138 5782478.36184821,433624.084869894 5782469.16183796)
2324|5791.356247230573|9.0|940.2270593142082|191.34644264286794|189.09911446060812|0.011041564367740047|3.0|1.2|SRID=32632;LINESTRING(433624.084869894 5782469.16183796,433605.769232951 5782460.05162363)
2332|5811.812506947513|7.0|608.8648686229362|140.10245521941962|189.32498356899592|0.007323384697934249|3.0|1.2|SRID=32632;LINESTRING(433605.769232951 5782460.05162363,433578.004898636 5782446.3736376)
2348|5842.763202607253|7.0|854.3026251837136|105.02213605301594|189.5516474199809|0.058239855646564524|3.0|1.2|SRID=32632;LINESTRING(433578.004898636 5782446.3736376,433565.553127702 5782436.58429413)
2356|5858.602326480913|7.0|804.0711897917122|487.9309592899182|169.52106739087304|0.047819260801323156|3.0|1.2|SRID=32632;LINESTRING(433694.197806808 5782757.80978238,433708.335649767 5782718.40773028)
2378|5900.4640072071525|7.0|1178.5205503705085|205.20972249886358|171.52286201910277|0.1254994036481401|3.0|1.2|SRID=32632;LINESTRING(433708.335649767 5782718.40773028,433712.070899185 5782686.88729839)
2394|5932.204985677933|7.0|933.0007974594124|204.88579253690085|175.5063358883948|0.07456592242021376|3.0|1.2|SRID=32632;LINESTRING(433712.070899185 5782686.88729839,433709.256561337 5782651.79458171)
2412|5967.410372502953|7.0|794.6431182917739|368.69164993593785|178.13145803116282|0.04586339168259061|3.0|1.2|SRID=32632;LINESTRING(433709.256561337 5782651.79458171,433697.755475539 5782625.61732336)
2427|5996.002746123093|7.0|857.1998434913647|339.4689977496534|179.4428012616383|0.058840888404769455|3.0|1.2|SRID=32632;LINESTRING(433697.755475539 5782625.61732336,433679.762058723 5782596.59014695)
2445|6030.154466717473|7.0|832.6396808917613|299.9963770419222|181.45231884196312|0.053745841811208034|3.0|1.2|SRID=32632;LINESTRING(433679.762058723 5782596.59014695,433668.793656947 5782566.30098035)
2462|6062.368430313013|11.0|1584.522630540685|142.04436489925342|183.18368543348055|0.04650154036533485|3.0|1.2|SRID=32632;LINESTRING(433668.793656947 5782566.30098035,433658.919457045 5782529.40051798)
2475|6100.567173049413|9.0|368.63029212605767|151.11765235383163|169.52106739087304|-0.08219207026202287|1.0|1.2|SRID=32632;LINESTRING(433694.197806808 5782757.80978238,433686.953518527 5782789.34382011)
2488|6132.9226246511025|9.0|638.738539836008|243.89802241366766|166.8617058394669|-0.03813448434991509|1.0|1.2|SRID=32632;LINESTRING(433686.953518527 5782789.34382011,433679.709230246 5782820.87785784)
2501|6165.278076253713|7.0|472.3927647568343|410.3146109559244|165.62784737669296|-0.02098798030623592|1.0|1.2|SRID=32632;LINESTRING(433679.709230246 5782820.87785784,433672.464941966 5782852.41189557)
2518|6197.633527855403|7.0|890.5580465156335|369.602692679276|151.09564120416|0.06576110312227602|2.0|1.2|SRID=32632;LINESTRING(433741.555058995 5783102.95140184,433726.815211087 5783070.67679742)
2536|6233.114694786953|5.0|558.197183366964|277.58657460021254|153.4289218816438|0.05899642263710399|2.0|1.2|SRID=32632;LINESTRING(433726.815211087 5783070.67679742,433712.370494964 5783043.36528361)
2558|6264.0107885595535|9.0|1616.168236128688|357.7990306849604|155.25168088768794|0.12129490435835788|2.0|1.2|SRID=32632;LINESTRING(433712.370494964 5783043.36528361,433697.92577884 5783016.05376981)
2570|6294.906882332153|7.0|554.4017736746306|396.14924757922915|158.99921962688282|-0.003975074962738244|2.0|1.2|SRID=32632;LINESTRING(433697.92577884 5783016.05376981,433684.734845075 5782987.68542331)
2586|6326.1920835732635|7.0|879.4038827169953|179.9772343548639|158.87485860672507|0.06344715328437082|2.0|1.2|SRID=32632;LINESTRING(433684.734845075 5782987.68542331,433674.126219595 5782948.97037606)
2607|6366.334303465803|7.0|674.2372382934623|379.88212776785934|161.42176818542168|0.020884991550171827|2.0|1.2|SRID=32632;LINESTRING(433674.126219595 5782948.97037606,433669.971062636 5782912.80543057)
2626|6402.7371688973235|7.0|866.3457858766127|214.99797622668413|162.1820417223611|0.06073822936926368|2.0|1.2|SRID=32632;LINESTRING(433669.971062636 5782912.80543057,433669.914336908 5782880.97971923)
2642|6434.562930788723|9.0|1050.7386091723579|249.69161370666305|164.1150821479728|0.02906719721470124|2.0|1.2|SRID=32632;LINESTRING(433669.914336908 5782880.97971923,433672.464941966 5782852.41189557)
2653|6463.244390564383|7.0|476.97759488692964|240.56750436787667|151.30728320120727|-0.020036849667679935|0.0|1.2|SRID=32632;LINESTRING(433745.942489429 5783112.55972029,433741.555058995 5783102.95140184)
2658|6473.807028931063|7.0|740.4768132826226|222.2356711687453|151.30728320120727|0.01755837415603715|0.0|1.35|SRID=32632;LINESTRING(433745.942489429 5783112.55972029,433746.883869648 5783140.024027)
2672|6501.287464505003|5.0|450.4661325335508|390.56146132862403|151.78979497098544|0.01404404561797546|0.0|1.35|SRID=32632;LINESTRING(433746.883869648 5783140.024027,433738.26821753 5783154.18913182)
2684|6517.866959550713|5.0|874.9491669957038|210.30096516687212|152.02263815573036|0.12154212335451306|0.0|1.35|SRID=32632;LINESTRING(433738.26821753 5783154.18913182,433726.984490896 5783170.75939453)
2698|6537.914305837583|5.0|708.585831842712|160.16578425575617|154.45923519105955|0.07941149083713624|0.0|1.35|SRID=32632;LINESTRING(433726.984490896 5783170.75939453,433724.681086856 5783191.23656625)
2713|6558.520621174923|7.0|995.7298192803852|594.8983452252506|156.09561341265763|0.06462740595565959|0.0|1.35|SRID=32632;LINESTRING(433724.681086856 5783191.23656625,433729.736579372 5783218.08964823)
2727|6585.845445358993|5.0|668.8237173916262|723.6559116308812|157.86154591786885|0.06934194618348996|0.0|1.35|SRID=32632;LINESTRING(433729.736579372 5783218.08964823,433729.469725351 5783242.09934793)
2744|6609.856627971663|7.0|1614.3787187449238|713.3925760506788|159.52652805039835|0.1787071779366918|0.0|1.35|SRID=32632;LINESTRING(433729.469725351 5783242.09934793,433725.847895991 5783278.4907063)
2763|6646.427772497393|5.0|722.2187415694536|249.00234503444358|166.06205408250787|0.08286395293950831|0.0|1.35|SRID=32632;LINESTRING(433725.847895991 5783278.4907063,433735.057099824 5783308.73676854)
2786|6678.044757116593|5.0|749.0013477280834|275.4827404129541|168.68196240808243|0.08964650593947784|0.0|1.35|SRID=32632;LINESTRING(433735.057099824 5783308.73676854,433740.856925705 5783330.94109793)
2803|6700.994053924764|7.0|1166.9258728018601|121.28438868615196|170.73928668070252|0.09619621140683927|0.0|1.35|SRID=32632;LINESTRING(433740.856925705 5783330.94109793,433735.893416467 5783354.41288705)
2815|6724.984912775322|11.0|1320.7545930486897|74.49888332747253|176.50422914858095|-0.008666785688357971|0.0|1.35|SRID=32632;LINESTRING(433697.183099708 5783356.05418001,433726.887846587 5783356.25756699)
2825|6754.690355936863|5.0|-979.4352140513621|303.49172745574066|176.24677843892223|-0.34807088862321806|0.0|1.35|SRID=32632;LINESTRING(433726.887846587 5783356.25756699,433735.893416467 5783354.41288705)
2832|6763.882914501743|9.0|1690.556614885713|326.30140600323415|176.50422914858095|0.10278977531823821|1.0|1.35|SRID=32632;LINESTRING(433697.183099708 5783356.05418001,433656.873548284 5783386.31764632)
2852|6814.288641649383|9.0|821.2279807600763|22.269253107733203|181.68542251683994|-0.023251942510957392|1.0|1.35|SRID=32632;LINESTRING(433656.873548284 5783386.31764632,433645.232900861 5783399.14402182)
2859|6831.609743834853|9.0|399.2288615105443|166.94245591845427|182.75080253415874|-0.07980585395679929|2.0|1.25|SRID=32632;LINESTRING(433654.591304765 5783414.98203564,433645.232900861 5783399.14402182)
2866|6850.006004469523|7.0|400.65851239671554|222.76298038606592|182.2684961715154|-0.03919406130698015|3.0|1.25|SRID=32632;LINESTRING(433781.796109674 5783496.60134796,433752.001177336 5783485.4970871)
2882|6881.8029005798835|9.0|1067.2540571792892|514.5352295524121|181.02224667599455|0.02479781731644322|3.0|1.25|SRID=32632;LINESTRING(433752.001177336 5783485.4970871,433718.526274882 5783472.18399692)
2896|6917.827995505543|7.0|643.3966376214426|264.8569692859018|181.91559039876856|0.00914810951198465|3.0|1.25|SRID=32632;LINESTRING(433718.526274882 5783472.18399692,433688.810395251 5783454.74935117)
2914|6952.280867296193|9.0|1121.517095496007|213.32894847872385|182.2307690429118|0.03329467201469615|3.0|1.25|SRID=32632;LINESTRING(433688.810395251 5783454.74935117,433664.446220535 5783431.65886359)
2927|6985.848465163193|9.0|711.8754685829546|110.07171176466665|183.34839120421483|-0.030849642240626206|3.0|1.25|SRID=32632;LINESTRING(433664.446220535 5783431.65886359,433654.591304765 5783414.98203564)
2935|7005.2194732739135|7.0|340.26170942995736|70.10877235718753|182.2684961715154|-0.05122230187790533|1.0|1.25|SRID=32632;LINESTRING(433781.796109674 5783496.60134796,433779.682516588 5783507.75384317)
2941|7016.570483151023|9.0|803.7315049894331|216.77835158553228|181.68707131697113|-0.016466234699975824|1.0|1.25|SRID=32632;LINESTRING(433779.682516588 5783507.75384317,433789.621679756 5783528.73486937)
2950|7039.786650466943|11.0|1055.4901390243213|279.8864729131186|181.30478845711323|-0.030267273411655023|1.0|1.25|SRID=32632;LINESTRING(433789.621679756 5783528.73486937,433823.275598412 5783549.8663865)
2963|7079.524884665313|7.0|266.4000231462307|116.1189477922708|180.10202045773477|-0.06593212239744264|1.0|1.25|SRID=32632;LINESTRING(433823.275598412 5783549.8663865,433844.177434065 5783554.87132376)
2974|7101.017584138823|5.0|360.8715333557749|443.04826260324984|178.6849611653958|-0.0013342073758362298|1.0|1.25|SRID=32632;LINESTRING(433844.177434065 5783554.87132376,433859.870656046 5783560.91367349)
2986|7117.833862158663|9.0|1869.3268104574074|30.337988418059098|178.66252476322762|0.15039151522650282|1.0|1.25|SRID=32632;LINESTRING(433859.870656046 5783560.91367349,433880.81775528 5783563.68218545)
2994|7138.963122078593|7.0|216.3530754969456|236.1189889324155|181.84018617820004|-0.07589915205127089|1.0|1.25|SRID=32632;LINESTRING(433880.81775528 5783563.68218545,433896.228261298 5783572.62072548)
3003|7156.778317658823|9.0|1084.987426847059|181.49954272362416|180.4880279400333|0.02757462211859937|1.0|1.25|SRID=32632;LINESTRING(433896.228261298 5783572.62072548,433934.698103736 5783578.70438441)
3019|7195.726227528173|9.0|676.0276314086026|2.9743812019698415|181.56200183699005|-0.03646292658971246|1.0|1.25|SRID=32632;LINESTRING(433934.698103736 5783578.70438441,433948.45549717 5783580.55673015)
3025|7209.607764144483|11.0|556.5739507310791|1.773677523241575|181.05584038639734|-0.094633174175176|1.0|1.25|SRID=32632;LINESTRING(433948.45549717 5783580.55673015,433978.927783949 5783595.89146468)
3036|7243.721021751373|7.0|-49.031275666505856|123.01607041043954|177.8275945376015|-0.12875140022920495|1.0|1.25|SRID=32632;LINESTRING(433978.927783949 5783595.89146468,434002.553825921 5783596.06622002)
3048|7267.347710022474|11.0|1295.154578596593|5.328896210740246|174.78562533991862|6.521833949596239E-4|1.0|1.25|SRID=32632;LINESTRING(434002.553825921 5783596.06622002,434028.915294045 5783591.71047711)
3057|7294.066607791643|9.0|-199.4098439259171|103.47554160891207|174.8030509613753|-0.17354454339684022|1.0|1.25|SRID=32632;LINESTRING(434028.915294045 5783591.71047711,434055.125084146 5783590.84990545)
3067|7320.290522081383|11.0|880.8104601875295|20.772285623378426|170.252033729885|-0.052802952023077894|1.0|1.25|SRID=32632;LINESTRING(434055.125084146 5783590.84990545,434075.214389305 5783595.95561529)
3074|7341.018485194133|11.0|394.1259366782344|3.211285542069548|169.15753608810635|-0.11559082797976811|1.0|1.25|SRID=32632;LINESTRING(434075.214389305 5783595.95561529,434097.699655819 5783609.0389934)
3083|7367.033134779853|11.0|32.33632906830836|0.6288793154721846|166.15048120288975|-0.16226582976785725|0.0|1.25|SRID=32632;LINESTRING(434097.699655819 5783609.0389934,434109.705688916 5783608.22300961)
3087|7379.066864886433|11.0|176.59738360708968|10.609349064432882|164.19781800194318|-0.14365450197701302|0.0|1.25|SRID=32632;LINESTRING(434109.705688916 5783608.22300961,434110.755389853 5783617.25305821)
3090|7388.157720175343|11.0|353.0016944736002|29.033408357201065|162.8918757128701|-0.12089632608712295|0.0|1.25|SRID=32632;LINESTRING(434110.755389853 5783617.25305821,434117.451313645 5783627.83217564)
3094|7400.677828837683|7.0|-688.2485712751604|46.9588338323511|161.37824057338173|-0.25605382404969873|0.0|1.25|SRID=32632;LINESTRING(434117.451313645 5783627.83217564,434125.377448131 5783637.37151774)
3100|7413.080355021383|7.0|466.69987040224805|6.173230423969525|158.20252631616856|-0.02604168729542277|0.0|1.25|SRID=32632;LINESTRING(434125.377448131 5783637.37151774,434122.041116365 5783644.52425892)
3104|7420.972934829243|9.0|566.9004156025719|90.8713945816354|157.9969902208581|-0.05355076621484938|0.0|1.25|SRID=32632;LINESTRING(434122.041116365 5783644.52425892,434125.715000208 5783662.76366694)
3111|7439.578671234232|7.0|316.4209479640611|8.398075371508913|157.00063878037935|-0.05597027528410823|0.0|1.25|SRID=32632;LINESTRING(434125.715000208 5783662.76366694,434131.508250131 5783675.89112843)
3118|7453.927608128983|9.0|583.5248316030768|154.0963809793961|156.19752483234547|-0.05094760849310267|0.0|1.25|SRID=32632;LINESTRING(434131.508250131 5783675.89112843,434129.571040752 5783694.19400364)
3125|7472.332716686513|11.0|966.8342847489572|32.65449661311542|155.2598285672838|-0.04170489370197773|0.0|1.25|SRID=32632;LINESTRING(434129.571040752 5783694.19400364,434131.345242543 5783710.42293298)
3130|7488.658338861353|11.0|-771.6339788669098|1.9879811974724804|154.57897022986324|-0.2659872047635312|0.0|1.25|SRID=32632;LINESTRING(434131.345242543 5783710.42293298,434120.292152227 5783724.286058)
3136|7506.388455636823|11.0|91.89648878800968|0.8551597589605129|149.86298602862553|-0.15458188721411414|0.0|1.25|SRID=32632;LINESTRING(434120.292152227 5783724.286058,434126.642798595 5783755.69435411)
3146|7538.432359484033|11.0|159.90552253151262|15.349394024058318|144.90957889821584|-0.14580794317366866|0.0|1.25|SRID=32632;LINESTRING(434126.642798595 5783755.69435411,434121.281697416 5783775.06618404)
3153|7558.532339608502|11.0|373.8926713896279|84.31903082493865|141.97884213843486|-0.1182011508681547|0.0|1.25|SRID=32632;LINESTRING(434121.281697416 5783775.06618404,434126.354645818 5783810.62968583)
3165|7594.4558342158525|9.0|-1532.3013330452945|130.1486363454931|137.73264373264|-0.38225724476609096|2.0|1.25|SRID=32632;LINESTRING(434126.354645818 5783810.62968583,434128.510565841 5783825.75224198)
3171|7609.7312947877635|9.0|610.7611901874883|150.7209728613867|131.89348826189024|-0.04668276471398166|2.0|1.25|SRID=32632;LINESTRING(434128.510565841 5783825.75224198,434136.760439178 5783859.67163167)
3185|7644.6395374663825|7.0|384.65189450473275|29.360195901125216|130.26387498234556|-0.04238183683936407|2.0|1.25|SRID=32632;LINESTRING(434136.760439178 5783859.67163167,434145.169355737 5783881.90846689)
3197|7668.413193440553|11.0|1018.2347802623034|18.035751420803805|129.2563037737732|-0.03507364125710157|2.0|1.25|SRID=32632;LINESTRING(434145.169355737 5783881.90846689,434143.151341634 5783894.12745699)
3201|7680.797703926473|7.0|-521.828965036114|63.36433556839532|128.82193389584526|-0.22291076082061306|2.0|1.25|SRID=32632;LINESTRING(434143.151341634 5783894.12745699,434145.587839812 5783913.39563385)
3211|7700.219319791683|7.0|501.7227355015739|110.1055742452684|124.49264672696577|-0.019066757726226694|2.0|1.25|SRID=32632;LINESTRING(434145.587839812 5783913.39563385,434156.342463027 5783924.42144834)
3219|7715.621608768683|7.0|581.8216000281905|58.331712436793474|124.1989750146119|-0.00311478072316638|2.0|1.25|SRID=32632;LINESTRING(434156.342463027 5783924.42144834,434160.94677768 5783925.77304462)
3221|7720.420205013673|5.0|288.60742138252925|92.83872242626741|124.18402843952975|-0.021098750821510248|0.0|1.25|SRID=32632;LINESTRING(434160.94677768 5783925.77304462,434164.110060729 5783926.6988222)
3223|7723.716175852163|9.0|1228.1106385261266|143.9104804881644|123.20983677338847|0.05799849971254309|0.0|1.2|SRID=32632;LINESTRING(434165.533088699 5783942.23160444,434164.110060729 5783926.6988222)
3229|7739.314006885533|7.0|382.36213299699665|83.7887377890409|123.70356914245775|-0.03966498465438913|1.0|1.2|SRID=32632;LINESTRING(434202.950016989 5783981.99322216,434193.348953265 5783980.09611564)
3234|7749.100703866483|5.0|326.2893650414639|104.02180120856099|123.31537995689106|-0.007074180874434519|1.0|1.2|SRID=32632;LINESTRING(434193.348953265 5783980.09611564,434179.085926466 5783971.47516824)
3246|7765.766677211273|11.0|1707.8726319027298|9.121692368609768|123.19748184700148|0.06307816797405982|1.0|1.2|SRID=32632;LINESTRING(434179.085926466 5783971.47516824,434167.563092119 5783949.94710495)
3254|7790.184564516003|7.0|-349.5899787132515|167.24012675633932|124.7377174439809|-0.1915096680230407|1.0|1.2|SRID=32632;LINESTRING(434167.563092119 5783949.94710495,434165.533088699 5783942.23160444)
3258|7798.1626508777335|9.0|981.1321880105128|105.50936606195029|123.70356914245775|0.017713634684224766|1.0|1.2|SRID=32632;LINESTRING(434202.950016989 5783981.99322216,434216.479555819 5783988.39912705)
3264|7813.132087686103|7.0|339.4848089353615|336.25524935721455|123.96873227750984|-0.04855995686865249|1.0|1.2|SRID=32632;LINESTRING(434216.479555819 5783988.39912705,434244.29714438 5784012.53657894)
3283|7849.961896495173|11.0|1634.161429202856|310.94507206989203|122.18027835026062|0.053172345969561434|1.0|1.2|SRID=32632;LINESTRING(434244.29714438 5784012.53657894,434291.882608122 5784034.20938898)
3300|7902.250394797263|0.0|0.0|0.0|124.96058047220805|-0.0579034131826827|1.0|1.2|SRID=32632;LINESTRING(434291.882608122 5784034.20938898,434327.978668165 5784053.34285513)
