654|7742596.008231398|80
0|0.0|7.5|640.7333765773864|14670.357090816886|101.20947618275852|-0.016655450819117377|0.0|1.2|SRID=32632;LINESTRING(442734.980926668 5773508.51030485,442736.565012031 5773499.75997212)
4|8.89256146200753|7.5|641.1212495428316|14903.413978901544|101.06136656267208|-0.009121010930902996|0.0|1.2|SRID=32632;LINESTRING(442736.565012031 5773499.75997212,442738.798272398 5773490.87980269)
8|18.0492454095853|7.5|642.079539558853|14879.101199817966|101.20947618275852|0.009493791245114928|0.0|1.2|SRID=32632;LINESTRING(442734.980926668 5773508.51030485,442740.534909467 5773514.99818083)
18|26.5896938497377|7.5|641.979921297802|14983.665297616613|100.92769813539195|0.007558704589112395|0.0|1.2|SRID=32632;LINESTRING(442711.198910063 5773530.92041394,442728.988026736 5773521.59404047)
24|46.6753582440737|7.5|642.4077828310627|14721.908773128214|101.07951973902479|0.015869923183921532|0.0|1.2|SRID=32632;LINESTRING(442728.988026736 5773521.59404047,442740.534909467 5773514.99818083)
26|59.9733229486551|7.5|641.3338731481371|15037.721279126874|100.92769813539195|-0.004990793267626888|0.0|1.2|SRID=32632;LINESTRING(442711.198910063 5773530.92041394,442712.948054929 5773534.71568022)
39|64.1522646643652|7.5|642.6283869221432|14676.273215378365|100.90684190121138|0.02015516193839896|0.0|1.2|SRID=32632;LINESTRING(442712.948054929 5773534.71568022,442688.145026761 5773545.17971358)
43|91.07226095799|7.5|641.1456694041449|14640.350733364246|101.44941878589049|-0.008646654650537218|0.0|1.2|SRID=32632;LINESTRING(442688.145026761 5773545.17971358,442691.674631735 5773552.51402551)
50|99.2116861732703|7.5|640.9973170502728|14335.02008080293|101.37903998700008|-0.011528402006246675|0.0|1.2|SRID=32632;LINESTRING(442691.674631735 5773552.51402551,442698.381792407 5773566.35243828)
54|114.589841853636|7.5|639.7289442064989|14119.573053791682|101.20175442620219|-0.03616656913472298|0.0|1.2|SRID=32632;LINESTRING(442698.381792407 5773566.35243828,442703.144953951 5773571.97061714)
58|121.955413223807|7.5|638.8258097123335|14751.981522408707|100.93536698002615|-0.05370997422729191|0.0|1.2|SRID=32632;LINESTRING(442703.144953951 5773571.97061714,442709.752158589 5773577.73440496)
69|130.723332202508|7.5|641.4577355396053|14680.567912383734|100.46444227765312|-0.0025847639073267306|0.0|1.2|SRID=32632;LINESTRING(442709.752158589 5773577.73440496,442730.121913504 5773589.70238657)
83|154.348731648442|7.5|641.1633934502651|14847.964606155876|100.4033761978691|-0.00830236471036052|0.0|1.2|SRID=32632;LINESTRING(442730.121913504 5773589.70238657,442755.326050106 5773605.16323474)
97|183.917064845214|11.0|1238.8732467272123|352417.48242258275|100.15788911179203|0.005078191058657898|0.0|1.2|SRID=32632;LINESTRING(442755.326050106 5773605.16323474,442779.369067526 5773620.91566434)
105|212.660859393104|11.0|1238.6476079481688|268895.28944007674|100.30385559225702|0.002045900849501674|0.0|1.2|SRID=32632;LINESTRING(442779.369067526 5773620.91566434,442800.580523248 5773632.85199381)
112|237.000165360282|11.0|1238.5511444786105|265189.30239326064|100.35365139901155|7.4955792688027E-4|0.0|1.2|SRID=32632;LINESTRING(442800.580523248 5773632.85199381,442818.066651588 5773643.051472)
115|257.243535626014|11.0|1234.9653409631183|268837.4470254512|100.368824977661|-0.047438953542938575|0.0|1.2|SRID=32632;LINESTRING(442818.066651588 5773643.051472,442823.303650062 5773648.79779675)
119|265.018263989851|11.0|1238.4953683741555|270098.79725481255|100.0|0.0|0.0|1.2|SRID=32632;LINESTRING(442823.303650062 5773648.79779675,442831.585971675 5773657.3122725)
127|276.896527694932|11.0|1239.71030127833|269067.306985413|100.0|0.016327109930851118|0.0|1.2|SRID=32632;LINESTRING(442831.585971675 5773657.3122725,442815.542258503 5773674.26017518)
146|300.233882676571|11.0|1238.7169815857324|268651.7119132567|100.38103156028052|0.0029781918450895056|0.0|1.2|SRID=32632;LINESTRING(442815.542258503 5773674.26017518,442859.641095635 5773711.12865934)
148|357.714249416397|11.0|1238.3162277155295|268501.7437102556|101.76500847291618|-0.0024074162584797306|0.0|1.2|SRID=32632;LINESTRING(442795.070708682 5773783.74134979,442797.180791903 5773779.63467824)
151|362.331305015676|11.0|1238.1715388848133|268370.36751543917|101.75389329820017|-0.004351844989278464|0.0|1.2|SRID=32632;LINESTRING(442797.180791903 5773779.63467824,442801.077907778 5773770.72426334)
155|372.056684488786|7.5|641.279053638183|19194.274056207934|101.71156995427128|-0.0060556633133548605|0.0|1.2|SRID=32632;LINESTRING(442801.077907778 5773770.72426334,442808.525728045 5773761.4837856)
166|383.924980724118|7.5|640.3615831630598|103050.97801918219|101.63969954816696|-0.023877545114504614|0.0|1.2|SRID=32632;LINESTRING(442808.525728045 5773761.4837856,442825.638857249 5773745.24659186)
177|407.515352735693|7.5|641.0155417097156|103069.41799766874|101.07641937619263|-0.011174387642556561|0.0|1.2|SRID=32632;LINESTRING(442825.638857249 5773745.24659186,442841.778295695 5773728.89829422)
189|430.488125950842|7.5|641.044261742316|47088.33566726828|100.81971270306201|-0.010616500451407338|0.0|1.2|SRID=32632;LINESTRING(442841.778295695 5773728.89829422,442859.641095635 5773711.12865934)
191|455.684148362232|7.5|636.9984692740211|14648.032526618188|102.18377371387508|-0.08920609773763344|0.0|1.2|SRID=32632;LINESTRING(442793.38154345 5773788.1212705,442795.070708682 5773783.74134979)
206|460.3785050438855|7.5|641.0290565385775|14914.149687874702|102.18377371387508|-0.01091186182938877|0.0|1.2|SRID=32632;LINESTRING(442793.38154345 5773788.1212705,442764.549445985 5773776.89564107)
221|491.3188444151167|7.5|642.1235017835417|15200.40680347328|101.84615700570181|0.010347758313660606|0.0|1.2|SRID=32632;LINESTRING(442764.549445985 5773776.89564107,442735.409576957 5773765.71821665)
238|522.5288874098522|7.5|643.28992985428|14860.422306083168|102.16911098757029|0.033005646245639696|0.0|1.2|SRID=32632;LINESTRING(442735.409576957 5773765.71821665,442703.232558563 5773752.49583644)
255|557.3166992267388|7.5|641.9033318087868|15494.83053212657|103.31730519805834|0.006070952277240774|0.0|1.2|SRID=32632;LINESTRING(442703.232558563 5773752.49583644,442670.198024035 5773738.57163485)
267|593.1658813845376|7.5|644.47823316599|14763.693454924281|103.53494387211644|0.056088461158421296|0.0|1.2|SRID=32632;LINESTRING(442670.198024035 5773738.57163485,442646.889431774 5773728.28411425)
275|618.6437846189156|7.5|641.5059399985214|161.0448473873246|104.96396025807587|-0.0016483913565080598|0.0|1.2|SRID=32632;LINESTRING(442646.889431774 5773728.28411425,442632.115916134 5773722.88161121)
286|634.3741311985345|11.0|1238.7706617798308|269062.9061920957|104.93803049073915|0.0036995834767943477|0.0|1.2|SRID=32632;LINESTRING(442632.115916134 5773722.88161121,442610.351667128 5773716.45860458)
291|657.0663666328026|11.0|1238.7127395698853|268462.87319726456|105.0219823100033|0.0029211846977608164|0.0|1.2|SRID=32632;LINESTRING(442610.351667128 5773716.45860458,442594.76806779 5773715.04784303)
293|672.7136928097005|11.0|1238.134030147861|268643.0747995679|105.06769103979212|-0.004855913378144803|0.0|1.2|SRID=32632;LINESTRING(442594.76806779 5773715.04784303,442593.866698358 5773709.94135555)
296|677.8991225075936|11.0|1238.307895752677|260344.26565799484|105.64080416590933|-0.002519386946708438|0.0|1.2|SRID=32632;LINESTRING(442582.728649982 5773702.66160954,442589.451552296 5773707.17804884)
298|685.9982360079105|11.0|1230.2394199373416|272496.42365002836|105.62039936507672|-0.11094915385709074|0.0|1.2|SRID=32632;LINESTRING(442589.451552296 5773707.17804884,442593.866698358 5773709.94135555)
300|691.2068230285045|11.0|1242.0118999122801|266343.05493896635|105.64080416590933|0.04725758665436341|0.0|1.2|SRID=32632;LINESTRING(442582.728649982 5773702.66160954,442577.351814139 5773703.80271137)
306|696.7034107957785|11.0|1236.084348666927|267217.59544965957|105.90055963862457|-0.032400952900453285|0.0|1.2|SRID=32632;LINESTRING(442577.351814139 5773703.80271137,442576.257315442 5773686.12869088)
309|714.4112883619185|11.0|1236.9309387622873|272254.8500303667|105.48844632716174|-0.021023888779609597|0.0|1.2|SRID=32632;LINESTRING(442568.850455895 5773684.06738143,442576.257315442 5773686.12869088)
320|722.0996279083795|11.0|1241.7804615260777|267955.73063008906|104.14131701033247|0.044147357306913514|0.0|1.2|SRID=32632;LINESTRING(442510.568662067 5773604.27225517,442531.809329015 5773631.11285524)
331|756.3280334258604|7.5|641.0020827882967|16267.289264273737|105.65241065875864|-0.011435827452561033|0.0|1.2|SRID=32632;LINESTRING(442531.809329015 5773631.11285524,442550.329892455 5773657.59011834)
347|788.6399001497865|5.0|351.3430249333564|10203.268398599757|105.28289772623367|0.006361396656048842|0.0|1.2|SRID=32632;LINESTRING(442550.329892455 5773657.59011834,442568.850455895 5773684.06738143)
366|820.9517668736795|7.5|641.4316499551551|153185.01293189797|104.22415581609951|-0.0030914768919856938|0.0|1.2|SRID=32632;LINESTRING(442495.674794765 5773581.99690463,442510.568662067 5773604.27225517)
378|847.7476345645525|5.0|350.9818565539042|9813.192765543083|104.32106205704365|-0.003928300764240415|1.0|1.2|SRID=32632;LINESTRING(442475.289010922 5773568.10565971,442495.674794765 5773581.99690463)
384|872.4163773009235|5.0|349.0615604840903|10116.752482841843|104.32106205704365|-0.05863759050252771|0.0|1.2|SRID=32632;LINESTRING(442475.289010922 5773568.10565971,442471.237995477 5773560.72191061)
415|880.8384006323615|7.5|640.8022142974618|25631.59023459526|103.82721490173205|-0.015318276769476419|0.0|1.2|SRID=32632;LINESTRING(442471.237995477 5773560.72191061,442441.666064178 5773529.55078032)
425|923.8051143054665|7.5|640.0986890470851|25193.00385718212|103.16903888981258|-0.028984268424035252|0.0|1.2|SRID=32632;LINESTRING(442441.666064178 5773529.55078032,442427.123455632 5773515.77006065)
431|943.8399763697585|7.5|638.7230413556334|26723.46272403133|102.5883430699026|-0.055706251552466515|0.0|1.2|SRID=32632;LINESTRING(442427.123455632 5773515.77006065,442418.340005722 5773507.82935562)
434|955.6807444467075|7.5|643.4731253877264|26185.91606659371|101.92873826483368|0.03656422304141265|0.0|1.2|SRID=32632;LINESTRING(442418.340005722 5773507.82935562,442414.335663442 5773503.30389905)
438|961.7234685278286|7.5|641.8206292985963|26037.924883340016|102.1496857759135|0.0044644544102898|0.0|1.2|SRID=32632;LINESTRING(442414.335663442 5773503.30389905,442411.564195767 5773496.41706575)
445|969.1470462295845|7.5|641.3627121838872|25890.78644748184|102.18282800012423|-0.0044305944379807545|0.0|1.2|SRID=32632;LINESTRING(442411.564195767 5773496.41706575,442406.834589434 5773483.67960859)
450|982.7342457595155|7.5|640.9061417332534|25779.581458849327|102.12262862945919|-0.013299484310431736|0.0|1.2|SRID=32632;LINESTRING(442406.834589434 5773483.67960859,442404.27418425 5773474.32087483)
454|992.4369037576555|7.5|640.5602113191476|25717.0463505688|101.99358828164344|-0.020019189324143448|0.0|1.2|SRID=32632;LINESTRING(442404.27418425 5773474.32087483,442403.933221309 5773465.58160401)
458|1001.1828233917736|7.5|640.3653527123886|17344.09288347666|101.81850206067429|-0.02380432154557053|0.0|1.2|SRID=32632;LINESTRING(442403.933221309 5773465.58160401,442405.359837937 5773458.06770974)
466|1008.8309501021726|7.5|641.6969737065991|15085.32689342707|101.60351470516048|0.002062442133734148|0.0|1.2|SRID=32632;LINESTRING(442390.891526108 5773451.31640372,442405.359837937 5773458.06770974)
469|1024.7969195418016|7.5|642.8223387394454|14789.304482582045|101.46790753694401|0.023922679757012212|0.0|1.2|SRID=32632;LINESTRING(442393.318416919 5773446.19363257,442390.891526108 5773451.31640372)
473|1030.4654804887296|7.5|641.6112843554497|14661.206155282962|101.46790753694401|3.979248231402133E-4|0.0|1.2|SRID=32632;LINESTRING(442393.318416919 5773446.19363257,442400.020040011 5773449.41972202)
484|1037.9031820959628|7.5|641.0834677207544|14874.974929327876|101.47086718304064|-0.009854923558665686|0.0|1.2|SRID=32632;LINESTRING(442400.020040011 5773449.41972202,442419.830897539 5773459.14594356)
488|1059.9728323301142|7.5|641.9630063967262|14873.643964554989|101.25337246701659|0.007230132307142154|0.0|1.2|SRID=32632;LINESTRING(442419.830897539 5773459.14594356,442427.985536376 5773460.6866886)
495|1068.2717497209585|7.5|641.9575498464732|14852.576410255298|101.31337473775844|0.007124138712483897|0.0|1.2|SRID=32632;LINESTRING(442427.985536376 5773460.6866886,442443.364645488 5773462.69998911)
504|1083.7820809874818|7.5|641.8711467503908|15335.396848180864|101.42387248917773|0.005445756892703595|0.0|1.2|SRID=32632;LINESTRING(442443.364645488 5773462.69998911,442461.388368375 5773463.60373161)
513|1101.8284473035355|7.5|643.8361693859305|472.71100022600336|101.52214861293163|0.043616359758663154|0.0|1.2|SRID=32632;LINESTRING(442461.388368375 5773463.60373161,442480.04014653 5773462.55362768)
527|1120.509762743815|11.0|1238.7138038147998|268993.0730083934|102.33695958793992|0.0029354867581055833|0.0|1.2|SRID=32632;LINESTRING(442480.04014653 5773462.55362768,442508.876924392 5773459.16106965)
532|1149.5454168182866|11.0|1238.6454212739118|267634.34799765144|102.42219336598846|0.0020165148061638306|0.0|1.2|SRID=32632;LINESTRING(442508.876924392 5773459.16106965,442522.655676208 5773457.23308914)
534|1163.4584003377765|11.0|1237.3338844476084|268863.23499353376|102.52610727600265|-0.015608825546245885|0.0|1.2|SRID=32632;LINESTRING(442524.195233256 5773461.84274381,442522.655676208 5773457.23308914)
536|1168.3183542481115|11.0|1238.5202358573229|268236.13123484945|102.52610727600265|3.3418646410972276E-4|0.0|1.2|SRID=32632;LINESTRING(442524.195233256 5773461.84274381,442530.312444807 5773460.73752591)
537|1174.5346058311495|11.0|1237.9151776448045|271780.18690181966|102.5281846631392|-0.007797004909839125|0.0|1.2|SRID=32632;LINESTRING(442530.312444807 5773460.73752591,442532.573716664 5773459.64351368)
544|1177.0466195997476|11.0|1241.325413635111|269182.7066175733|101.45712758624384|0.03803210854372142|0.0|1.2|SRID=32632;LINESTRING(442589.001301563 5773445.18709992,442569.863687528 5773452.80537879)
549|1197.6448341787896|7.5|641.8210637272832|5211.33583893603|102.24052111892082|0.004472893195973106|0.0|1.2|SRID=32632;LINESTRING(442569.863687528 5773452.80537879,442555.739983095 5773451.55583994)
553|1211.8237048753776|7.5|642.1895826205972|14910.767986092056|102.30394169318618|0.011631379857084548|0.0|1.2|SRID=32632;LINESTRING(442555.739983095 5773451.55583994,442549.199009651 5773455.70268884)
560|1219.5684249754786|7.5|642.1096555809247|14703.155011876328|102.39402347455726|0.010078795558861762|0.0|1.2|SRID=32632;LINESTRING(442549.199009651 5773455.70268884,442536.418907915 5773462.25762949)
562|1233.9315112456145|7.5|641.2565668814532|14805.544784843365|102.53878608466825|-0.006492468999638171|0.0|1.2|SRID=32632;LINESTRING(442536.418907915 5773462.25762949,442532.573716664 5773459.64351368)
569|1238.5811453398346|7.5|641.6780373972368|14780.868402128106|101.43921833710351|0.001694603956532979|0.0|1.2|SRID=32632;LINESTRING(442620.622672563 5773449.82770767,442607.209310623 5773447.81341421)
578|1252.1449079689705|7.5|641.5765947957423|21203.24337890512|101.46220354292032|-2.7592054802181817E-4|0.0|1.2|SRID=32632;LINESTRING(442607.209310623 5773447.81341421,442589.001301563 5773445.18709992)
583|1270.5413511221525|7.5|641.6133351685385|26337.217869888835|100.78513844816999|4.37761907225625E-4|0.0|1.2|SRID=32632;LINESTRING(442676.313646879 5773467.09440191,442666.529889323 5773463.84786771)
606|1280.8496922248016|5.0|351.59473213234486|10146.150399281785|100.78965104723142|0.013532541926377121|0.0|1.2|SRID=32632;LINESTRING(442666.529889323 5773463.84786771,442620.622672563 5773449.82770767)
631|1328.8500822037145|5.0|350.7281013386125|10270.274523418835|100.9778483482954|-0.011157794077394841|2.0|1.2|SRID=32632;LINESTRING(442738.798272398 5773490.87980269,442706.838302392 5773475.84171287)
654|1364.1712349085126|0.0|0.0|0.0|100.58374219983904|0.006342536046725175|2.0|1.2|null
