629|655.2751827010976|70
0|0.0|7.5|555.8485383687382|2.3512852082071243|101.20947618275852|-0.016655450819117377|0.0|1.2|SRID=32632;LINESTRING(442734.980926668 5773508.51030485,442736.565012031 5773499.75997212)
4|8.89256146200753|7.5|594.6358349132659|10.39782853287943|101.06136656267208|-0.009121010930902996|0.0|1.2|SRID=32632;LINESTRING(442736.565012031 5773499.75997212,442738.798272398 5773490.87980269)
8|18.0492454095853|7.5|690.4648365154061|9.329744026368674|101.20947618275852|0.009493791245114928|0.0|1.2|SRID=32632;LINESTRING(442734.980926668 5773508.51030485,442740.534909467 5773514.99818083)
12|26.5896938497377|7.5|680.5030104103051|14.275969544565541|100.92769813539195|0.007558704589112395|0.0|1.2|SRID=32632;LINESTRING(442711.198910063 5773530.92041394,442728.988026736 5773521.59404047)
22|46.6753582440737|7.5|723.2891637363825|3.691975266447997|101.07951973902479|0.015869923183921532|0.0|1.2|SRID=32632;LINESTRING(442728.988026736 5773521.59404047,442740.534909467 5773514.99818083)
28|59.9733229486551|5.0|333.60205554135865|9.630604169022993|100.92769813539195|-0.004990793267626888|0.0|1.2|SRID=32632;LINESTRING(442711.198910063 5773530.92041394,442712.948054929 5773534.71568022)
31|64.1522646643652|7.5|745.3495728444323|2.4915693049979235|100.90684190121138|0.02015516193839896|0.0|1.2|SRID=32632;LINESTRING(442712.948054929 5773534.71568022,442688.145026761 5773545.17971358)
44|91.07226095799|7.5|597.0778210445889|9.55651205895144|101.44941878589049|-0.008646654650537218|0.0|1.2|SRID=32632;LINESTRING(442688.145026761 5773545.17971358,442691.674631735 5773552.51402551)
48|99.2116861732703|11.0|1152.7102233652727|26.95402245568011|101.37903998700008|-0.011528402006246675|0.0|1.2|SRID=32632;LINESTRING(442691.674631735 5773552.51402551,442698.381792407 5773566.35243828)
53|114.589841853636|11.0|969.3726941288548|9.155292128187|101.20175442620219|-0.03616656913472298|0.0|1.2|SRID=32632;LINESTRING(442698.381792407 5773566.35243828,442703.144953951 5773571.97061714)
55|121.955413223807|7.5|365.0918518634557|11.291404361838236|100.93536698002615|-0.05370997422729191|0.0|1.2|SRID=32632;LINESTRING(442703.144953951 5773571.97061714,442709.752158589 5773577.73440496)
59|130.723332202508|11.0|1219.261623186956|49.74207553111751|100.46444227765312|-0.0025847639073267306|0.0|1.2|SRID=32632;LINESTRING(442709.752158589 5773577.73440496,442730.121913504 5773589.70238657)
67|154.348731648442|7.5|598.8502256566185|12.603805921381639|100.4033761978691|-0.00830236471036052|0.0|1.2|SRID=32632;LINESTRING(442730.121913504 5773589.70238657,442755.326050106 5773605.16323474)
81|183.917064845214|11.0|1276.2832036798407|18.350602363117286|100.15788911179203|0.005078191058657898|0.0|1.2|SRID=32632;LINESTRING(442755.326050106 5773605.16323474,442779.369067526 5773620.91566434)
90|212.660859393104|11.0|1253.7193257754673|17.00987326548547|100.30385559225702|0.002045900849501674|0.0|1.2|SRID=32632;LINESTRING(442779.369067526 5773620.91566434,442800.580523248 5773632.85199381)
98|237.000165360282|11.0|1244.072978819657|40.470994126994164|100.35365139901155|7.4955792688027E-4|0.0|1.2|SRID=32632;LINESTRING(442800.580523248 5773632.85199381,442818.066651588 5773643.051472)
105|257.243535626014|11.0|885.4926272704411|0.1908593208574158|100.368824977661|-0.047438953542938575|0.0|1.2|SRID=32632;LINESTRING(442818.066651588 5773643.051472,442823.303650062 5773648.79779675)
108|265.018263989851|11.0|1238.4953683741555|7.29402310659078|100.0|0.0|0.0|1.2|SRID=32632;LINESTRING(442823.303650062 5773648.79779675,442831.585971675 5773657.3122725)
112|276.896527694932|11.0|1359.9886587916048|34.16912601046408|100.0|0.016327109930851118|0.0|1.2|SRID=32632;LINESTRING(442831.585971675 5773657.3122725,442815.542258503 5773674.26017518)
120|300.233882676571|7.5|656.9225308040753|8.245108482553722|100.38103156028052|0.0029781918450895056|0.0|1.2|SRID=32632;LINESTRING(442815.542258503 5773674.26017518,442859.641095635 5773711.12865934)
148|357.714249416397|7.5|629.1974202869009|10.163159918181485|101.76500847291618|-0.0024074162584797306|0.0|1.2|SRID=32632;LINESTRING(442795.070708682 5773783.74134979,442797.180791903 5773779.63467824)
150|362.331305015676|7.5|619.187501180749|12.008599480792004|101.75389329820017|-0.004351844989278464|0.0|1.2|SRID=32632;LINESTRING(442797.180791903 5773779.63467824,442801.077907778 5773770.72426334)
155|372.056684488786|7.5|610.4162444484037|0.16140869372710703|101.71156995427128|-0.0060556633133548605|0.0|1.2|SRID=32632;LINESTRING(442801.077907778 5773770.72426334,442808.525728045 5773761.4837856)
161|383.924980724118|5.0|267.30955655881786|0.06564824915021414|101.63969954816696|-0.023877545114504614|0.0|1.2|SRID=32632;LINESTRING(442808.525728045 5773761.4837856,442825.638857249 5773745.24659186)
178|407.515352735693|5.0|311.8976392853555|0.037750906997770894|101.07641937619263|-0.011174387642556561|0.0|1.2|SRID=32632;LINESTRING(442825.638857249 5773745.24659186,442841.778295695 5773728.89829422)
195|430.488125950842|11.0|1159.4958652151433|1.3437085140334808|100.81971270306201|-0.010616500451407338|0.0|1.2|SRID=32632;LINESTRING(442841.778295695 5773728.89829422,442859.641095635 5773711.12865934)
203|455.684148362232|7.5|182.35780803221752|1.854545785267339|102.18377371387508|-0.08920609773763344|0.0|1.2|SRID=32632;LINESTRING(442793.38154345 5773788.1212705,442795.070708682 5773783.74134979)
205|460.3785050438855|5.0|312.8191048895745|17.572055083752467|102.18377371387508|-0.01091186182938877|0.0|1.2|SRID=32632;LINESTRING(442793.38154345 5773788.1212705,442764.549445985 5773776.89564107)
227|491.3188444151167|5.0|387.4403715916778|2.8122277540111975|101.84615700570181|0.010347758313660606|0.0|1.2|SRID=32632;LINESTRING(442764.549445985 5773776.89564107,442735.409576957 5773765.71821665)
249|522.5288874098522|5.0|466.9695582329244|21.777264262811983|102.16911098757029|0.033005646245639696|0.0|1.2|SRID=32632;LINESTRING(442735.409576957 5773765.71821665,442703.232558563 5773752.49583644)
274|557.3166992267388|5.0|372.42878240384414|11.097167612886548|103.31730519805834|0.006070952277240774|0.0|1.2|SRID=32632;LINESTRING(442703.232558563 5773752.49583644,442670.198024035 5773738.57163485)
300|593.1658813845376|7.5|930.3341972291074|30.304870782999036|103.53494387211644|0.056088461158421296|0.0|1.2|SRID=32632;LINESTRING(442670.198024035 5773738.57163485,442646.889431774 5773728.28411425)
312|618.6437846189156|7.5|545.9170577483278|35.89073694113134|104.96396025807587|-0.01858464285882414|0.0|1.2|SRID=32632;LINESTRING(442646.889431774 5773728.28411425,442646.799678501 5773722.8790388)
315|624.0496052166816|7.5|530.5514926394738|22.319123742910797|104.86349501290752|-0.02156940686598303|0.0|1.2|SRID=32632;LINESTRING(442646.799678501 5773722.8790388,442636.484366005 5773671.15056117)
340|676.7965583960175|5.0|302.7197432823156|0.8995793431315917|103.72577451884146|-0.013789172828607806|0.0|1.2|SRID=32632;LINESTRING(442636.484366005 5773671.15056117,442629.603806325 5773641.69657715)
362|707.0435297540186|5.0|293.76561556897735|0.6011661472284813|103.30869380324404|-0.016340206365171427|0.0|1.2|SRID=32632;LINESTRING(442629.603806325 5773641.69657715,442628.577332713 5773632.27553863)
369|716.5203232409735|5.0|284.98531935364826|3.480162457777125|103.15384104198708|-0.018841715258427576|0.0|1.2|SRID=32632;LINESTRING(442628.577332713 5773632.27553863,442629.563935728 5773627.55883467)
372|721.3391074981946|5.0|342.80156231776726|3.2201023871834376|103.11646519594404|-0.002369851166085972|0.0|1.2|SRID=32632;LINESTRING(442613.225036728 5773620.0720712,442620.612064302 5773623.96908477)
378|729.6910468619326|5.0|338.88254663110143|3.7080868965479636|103.09667234270381|-0.0034863798517457555|0.0|1.2|SRID=32632;LINESTRING(442620.612064302 5773623.96908477,442629.563935728 5773627.55883467)
385|739.3358540868956|5.0|346.13046813046014|0.025547230927442585|103.123413490372|-0.0014214449516435554|0.0|1.2|SRID=32632;LINESTRING(442608.904368753 5773617.78597419,442613.225036728 5773620.0720712)
389|744.2240450927616|5.0|256.051425421938|7.439167765658401|103.123413490372|-0.027084989882846446|0.0|1.2|SRID=32632;LINESTRING(442608.904368753 5773617.78597419,442615.375129541 5773601.63755485)
402|761.6206594845776|7.5|700.8583948988552|7.829771971186602|102.65222636557388|0.011512741980050646|0.0|1.2|SRID=32632;LINESTRING(442615.375129541 5773601.63755485,442609.547363935 5773599.32435871)
405|767.8907255384465|5.0|340.22436921674154|15.926897067142471|102.72441201824995|-0.0031040942148112525|0.0|1.2|SRID=32632;LINESTRING(442609.547363935 5773599.32435871,442614.49085916 5773585.55179105)
416|782.5236256252645|5.0|353.7981891289096|12.351802123407715|102.67899011774455|7.630909453505821E-4|0.0|1.2|SRID=32632;LINESTRING(442614.49085916 5773585.55179105,442620.73479772 5773569.32813303)
429|799.9073492922585|5.0|368.8613383047658|12.680636858692196|102.6922554798713|0.0050545864370475126|0.0|1.2|SRID=32632;LINESTRING(442620.73479772 5773569.32813303,442619.299282073 5773564.22780706)
433|805.2058424880165|5.0|367.39166612238597|13.113716170287393|102.71903717171537|0.00463587641357748|0.0|1.2|SRID=32632;LINESTRING(442619.299282073 5773564.22780706,442615.619392123 5773555.74953983)
440|814.4482775136715|7.5|662.6596491485826|11.591594812344413|102.76188395825483|0.004092628197946412|0.0|1.2|SRID=32632;LINESTRING(442615.619392123 5773555.74953983,442613.629299225 5773550.66674042)
443|819.9067864353265|7.5|661.0745142334189|11.414246319044931|102.78422360578634|0.0037847154327630807|0.0|1.2|SRID=32632;LINESTRING(442613.629299225 5773550.66674042,442611.977286675 5773544.61227874)
446|826.1825853259405|7.5|659.5301342990978|11.270255139459293|102.80797571870056|0.0034847193305251128|0.0|1.2|SRID=32632;LINESTRING(442611.977286675 5773544.61227874,442611.036792144 5773537.30375163)
450|833.5513775228545|7.5|658.2683744483602|2.184380449236839|102.83365389131177|0.0032396222344222595|0.0|1.2|SRID=32632;LINESTRING(442611.036792144 5773537.30375163,442608.673554486 5773526.59667781)
455|844.5161539397385|7.5|563.0729925934064|0.8448927890688842|102.86917562478737|-0.015252099182623947|0.0|1.2|SRID=32632;LINESTRING(442608.673554486 5773526.59667781,442601.073083289 5773498.88633834)
469|873.2499332942585|7.5|549.7669481275137|0.4680653257422099|102.4309251721806|-0.017836800904825315|0.0|1.2|SRID=32632;LINESTRING(442601.073083289 5773498.88633834,442591.232513723 5773467.58667957)
485|906.0600757659145|7.5|550.4441318628321|0.6037660977071766|101.84569719325472|-0.017705257832696646|0.0|1.2|SRID=32632;LINESTRING(442591.232513723 5773467.58667957,442589.681576412 5773456.64776122)
490|917.1083942441635|5.0|292.12780706055196|1.2522793391132399|101.65008386597957|-0.016806818475833925|0.0|1.2|SRID=32632;LINESTRING(442589.681576412 5773456.64776122,442589.001301563 5773445.18709992)
498|928.5892274555875|7.5|837.3800939686323|7.733858040806833|101.45712758624384|0.03803210854372142|0.0|1.2|SRID=32632;LINESTRING(442589.001301563 5773445.18709992,442569.863687528 5773452.80537879)
508|949.1874420346295|7.5|664.617253358424|11.637106730783719|102.24052111892082|0.004472893195973106|0.0|1.2|SRID=32632;LINESTRING(442569.863687528 5773452.80537879,442555.739983095 5773451.55583994)
515|963.3663127312175|7.5|701.4691426898257|5.227200734800113|102.30394169318618|0.011631379857084548|0.0|1.2|SRID=32632;LINESTRING(442555.739983095 5773451.55583994,442549.199009651 5773455.70268884)
519|971.1110328313185|7.5|693.4764387225748|0.14000642868448246|102.39402347455726|0.010078795558861762|0.0|1.2|SRID=32632;LINESTRING(442549.199009651 5773455.70268884,442536.418907915 5773462.25762949)
526|985.4741191014546|7.5|608.1675687754172|5.312146151431021|102.53878608466825|-0.006492468999638171|0.0|1.2|SRID=32632;LINESTRING(442536.418907915 5773462.25762949,442532.573716664 5773459.64351368)
528|990.1237531956743|7.5|837.3800939686323|3.067248625564995|101.45712758624384|0.03803210854372142|0.0|1.2|SRID=32632;LINESTRING(442589.001301563 5773445.18709992,442569.863687528 5773452.80537879)
538|1010.7219677747162|7.5|664.617253358424|0.3433926726500392|102.24052111892082|0.004472893195973106|0.0|1.2|SRID=32632;LINESTRING(442569.863687528 5773452.80537879,442555.739983095 5773451.55583994)
545|1024.900838471304|7.5|701.4691426898257|0.4729240048528874|102.30394169318618|0.011631379857084548|0.0|1.2|SRID=32632;LINESTRING(442555.739983095 5773451.55583994,442549.199009651 5773455.70268884)
549|1032.645558571406|7.5|693.4764387225748|0.14000642868448246|102.39402347455726|0.010078795558861762|0.0|1.2|SRID=32632;LINESTRING(442549.199009651 5773455.70268884,442536.418907915 5773462.25762949)
556|1047.0086448415411|7.5|608.1675687754172|6.411913540918212|102.53878608466825|-0.006492468999638171|0.0|1.2|SRID=32632;LINESTRING(442536.418907915 5773462.25762949,442532.573716664 5773459.64351368)
558|1051.6582789357612|7.5|650.3146203537863|5.541601003954321|101.43921833710351|0.001694603956532979|0.0|1.2|SRID=32632;LINESTRING(442620.622672563 5773449.82770767,442607.209310623 5773447.81341421)
565|1065.2220415648976|7.5|640.1703602043382|5.850290829868768|101.46220354292032|-2.7592054802181817E-4|0.0|1.2|SRID=32632;LINESTRING(442607.209310623 5773447.81341421,442589.001301563 5773445.18709992)
574|1083.618484718079|5.0|352.656284205091|7.785976548216358|100.78513844816999|4.37761907225625E-4|0.0|1.2|SRID=32632;LINESTRING(442676.313646879 5773467.09440191,442666.529889323 5773463.84786771)
581|1093.9268258207283|7.5|711.2563250225439|4.283416063575888|100.78965104723142|0.013532541926377121|0.0|1.2|SRID=32632;LINESTRING(442666.529889323 5773463.84786771,442620.622672563 5773449.82770767)
604|1141.9272157996413|5.0|311.95588269907313|5.811035291056441|100.9778483482954|-0.011157794077394841|2.0|1.2|SRID=32632;LINESTRING(442738.798272398 5773490.87980269,442706.838302392 5773475.84171287)
629|1177.2483685044394|0.0|0.0|0.0|100.58374219983904|0.006342536046725175|2.0|1.2|SRID=32632;LINESTRING(442706.838302392 5773475.84171287,442676.313646879 5773467.09440191)
