668|667.4714524119385|69
0|0.0|7.5|555.8485383687382|2.3512852082071243|101.20947618275852|-0.016655450819117377|0.0|1.2|SRID=32632;LINESTRING(442734.980926668 5773508.51030485,442736.565012031 5773499.75997212)
4|8.89256146200753|7.5|594.6358349132659|2.8592992653658147|101.06136656267208|-0.009121010930902996|0.0|1.2|SRID=32632;LINESTRING(442736.565012031 5773499.75997212,442738.798272398 5773490.87980269)
8|18.0492454095853|7.5|603.2040045860856|0.008736410271949525|101.76382381709925|-0.007456642307589145|0.0|1.2|SRID=32632;LINESTRING(442655.714255055 5773547.50032503,442678.989406141 5773538.77791475)
20|42.9050917876452|7.5|523.3339784577481|7.649109268655275|101.57848266140567|-0.022971410397786773|0.0|1.2|SRID=32632;LINESTRING(442678.989406141 5773538.77791475,442705.153689815 5773528.16466394)
34|71.1400140099226|7.5|663.7346883380908|6.874360479076811|100.92988667548815|0.004301454769334953|0.0|1.2|SRID=32632;LINESTRING(442705.153689815 5773528.16466394,442713.087501518 5773524.82512286)
38|79.7480278826176|5.0|376.15716487367393|11.343620243795549|100.96691365781535|0.007133169505112511|0.0|1.2|SRID=32632;LINESTRING(442713.087501518 5773524.82512286,442726.136067272 5773516.59899242)
49|95.1731466871854|11.0|1613.0135963537396|97.46947275836845|101.07694364488484|0.05033035370364781|0.0|1.2|SRID=32632;LINESTRING(442726.136067272 5773516.59899242,442733.599029938 5773511.0290498)
52|104.485507963811|7.5|39.22223318893424|10.952563844920094|101.54563808175354|-0.11701021095505444|0.0|1.2|SRID=32632;LINESTRING(442733.599029938 5773511.0290498,442734.980926668 5773508.51030485)
53|107.358435858318|7.5|575.3455025098295|7.452424065083955|101.76382381709925|-0.012868161747421305|0.0|1.2|SRID=32632;LINESTRING(442655.714255055 5773547.50032503,442658.206349323 5773553.35600808)
56|113.722362145743|7.5|639.8264225557568|0.8347508882271514|102.65222636557388|-3.427305030686988E-4|0.0|1.2|SRID=32632;LINESTRING(442615.375129541 5773601.63755485,442624.859332501 5773575.38743299)
69|141.633274046746|7.5|651.1079442021314|17.097941478696328|102.64266044469694|0.0018487072681773308|0.0|1.2|SRID=32632;LINESTRING(442624.859332501 5773575.38743299,442630.323232992 5773568.12735515)
73|150.719689118146|7.5|649.2409028835992|17.331992379924277|102.65945856628112|0.0014860341293793126|0.0|1.2|SRID=32632;LINESTRING(442630.323232992 5773568.12735515,442635.413096163 5773564.06409649)
76|157.232505564227|11.0|1248.2640043440344|10.378978418743282|102.66913683379838|0.001312776967408328|0.0|1.2|SRID=32632;LINESTRING(442635.413096163 5773564.06409649,442644.855581439 5773559.11635005)
79|167.892745852153|11.0|726.1227286449854|1.4450941609790264|102.6831313517154|-0.06885618444997717|0.0|1.2|SRID=32632;LINESTRING(442644.855581439 5773559.11635005,442658.206349323 5773553.35600808)
84|182.433190917893|11.0|1036.9505416579186|4.801152667781544|103.123413490372|-0.027084989882846446|0.0|1.2|SRID=32632;LINESTRING(442608.904368753 5773617.78597419,442615.375129541 5773601.63755485)
90|199.82980530971|11.0|950.7096495334196|8.448722193012921|104.95839503992724|-0.038674638343376866|0.0|1.2|SRID=32632;LINESTRING(442586.794568389 5773659.76620938,442608.904368753 5773617.78597419)
106|247.276442903658|11.0|1171.8974811704816|9.950449424891495|105.32680753163707|-0.008949885395322512|0.0|1.2|SRID=32632;LINESTRING(442576.257315442 5773686.12869088,442579.026626989 5773673.8828949)
110|259.831466020623|11.0|1120.2480605457142|49.55369940923108|105.21444151360461|-0.015890892306138958|0.0|1.2|SRID=32632;LINESTRING(442579.026626989 5773673.8828949,442586.794568389 5773659.76620938)
115|275.944247401594|11.0|997.3933976513026|4.727362095631455|105.90055963862457|-0.032400952900453285|0.0|1.2|SRID=32632;LINESTRING(442577.351814139 5773703.80271137,442576.257315442 5773686.12869088)
121|293.652124967734|7.5|581.228345282341|14.701503880225053|105.96135411868187|-0.011725418396117597|0.0|1.2|SRID=32632;LINESTRING(442578.314704065 5773708.89736184,442577.351814139 5773703.80271137)
123|298.83697023325|7.5|598.7502417312717|30.299272089886976|106.29888169166372|-0.008321786607281039|0.0|1.2|SRID=32632;LINESTRING(442571.779123381 5773720.5971105,442571.641238734 5773716.96125736)
125|302.475436972939|11.0|1100.2265686867179|28.935080682410312|106.26860314787834|-0.018581519067816694|0.0|1.2|SRID=32632;LINESTRING(442571.641238734 5773716.96125736,442572.813612808 5773713.5104946)
126|306.119915622486|11.0|1021.0019273857621|20.343647277733336|106.20088319835953|-0.029228275142234243|0.0|1.2|SRID=32632;LINESTRING(442572.813612808 5773713.5104946,442575.144014229 5773710.70265285)
127|309.768853287024|7.5|454.10829237105554|0.46308265352582895|106.09423104432355|-0.03641851336722978|0.0|1.2|SRID=32632;LINESTRING(442575.144014229 5773710.70265285,442578.314704065 5773708.89736184)
129|313.417462561703|7.5|750.2636563087179|0.1855788019850854|106.29888169166372|0.021109723605898092|0.0|1.2|SRID=32632;LINESTRING(442571.779123381 5773720.5971105,442567.904397413 5773722.52177633)
131|317.743874455446|7.5|738.2093119952474|0.2741839653220331|106.39021105094591|0.01876816488144772|0.0|1.2|SRID=32632;LINESTRING(442567.904397413 5773722.52177633,442561.343216099 5773724.88906071)
134|324.719054423215|7.5|703.4414986993982|5.8219765040377|106.52112237865877|0.012014510395074524|0.0|1.2|SRID=32632;LINESTRING(442561.343216099 5773724.88906071,442553.546674275 5773729.99593302)
138|334.03925877636|7.5|843.51104740818|1.2127887108659843|106.63310007074385|0.03922304744029245|0.0|1.2|SRID=32632;LINESTRING(442553.546674275 5773729.99593302,442525.391968244 5773759.07610109)
157|374.515716709502|5.0|439.80811741527793|12.941173559385291|108.2207101004705|0.025267344018390002|0.0|1.2|SRID=32632;LINESTRING(442525.391968244 5773759.07610109,442489.014242346 5773797.79568924)
195|427.643350273802|5.0|555.3567342882567|3.531738517213718|109.56310429462262|0.058187177885335506|0.0|1.2|SRID=32632;LINESTRING(442489.014242346 5773797.79568924,442463.318403048 5773826.81447848)
223|466.403720319975|5.0|460.5715681073973|10.60982429522107|111.81846084140071|0.03118285703608782|0.0|1.2|SRID=32632;LINESTRING(442463.318403048 5773826.81447848,442437.622563751 5773855.83326772)
251|505.1640903654503|5.0|416.99599864461055|16.055253954911368|106.39021105094591|0.01876816488144772|0.0|1.2|SRID=32632;LINESTRING(442567.904397413 5773722.52177633,442561.343216099 5773724.88906071)
256|512.1392703332197|5.0|393.29067139744063|0.973899541230115|106.52112237865877|0.012014510395074524|0.0|1.2|SRID=32632;LINESTRING(442561.343216099 5773724.88906071,442553.546674275 5773729.99593302)
263|521.4594746863644|5.0|488.7926364261555|6.430738032481851|106.63310007074385|0.03922304744029245|0.0|1.2|SRID=32632;LINESTRING(442553.546674275 5773729.99593302,442525.391968244 5773759.07610109)
292|561.935932619507|5.0|439.80811741527793|27.10740494422771|108.2207101004705|0.025267344018390002|0.0|1.2|SRID=32632;LINESTRING(442525.391968244 5773759.07610109,442489.014242346 5773797.79568924)
330|615.0635661838063|5.0|555.3567342882567|0.8610615976933437|109.56310429462262|0.058187177885335506|0.0|1.2|SRID=32632;LINESTRING(442489.014242346 5773797.79568924,442463.318403048 5773826.81447848)
358|653.8239362299793|5.0|460.5715681073973|2.932286891097351|111.81846084140071|0.03118285703608782|0.0|1.2|SRID=32632;LINESTRING(442463.318403048 5773826.81447848,442437.622563751 5773855.83326772)
386|692.5843062754543|5.0|334.3773361854292|6.223255606003461|106.41708805124416|-0.004769915591253506|0.0|1.2|SRID=32632;LINESTRING(442565.714443483 5773717.33006716,442567.904397413 5773722.52177633)
390|698.2189972430563|5.0|378.17035205446|9.785974155960572|106.21579402125776|0.0077067271064760485|0.0|1.2|SRID=32632;LINESTRING(442569.840235548 5773705.12421159,442569.906920778 5773710.89663525)
394|703.9918060789923|5.0|414.8170960915349|11.362335995060887|106.26028348359418|0.01814739492330652|0.0|1.2|SRID=32632;LINESTRING(442569.906920778 5773710.89663525,442568.274802523 5773714.86439964)
397|708.2821398945613|5.0|429.0760766421904|0.05748610471241626|106.33814186569813|0.022209782544575885|0.0|1.2|SRID=32632;LINESTRING(442568.274802523 5773714.86439964,442565.714443483 5773717.33006716)
400|711.8367080398183|5.0|374.4958738004276|9.932976387546445|105.48844632716174|0.00665986720504233|0.0|1.2|SRID=32632;LINESTRING(442568.850455895 5773684.06738143,442568.929143851 5773692.06440379)
406|719.8341175148033|7.5|1074.3575846137028|11.615479358465285|105.54170801224949|0.08406503213444995|0.0|1.2|SRID=32632;LINESTRING(442568.929143851 5773692.06440379,442569.62816447 5773699.80953874)
410|727.6107327958083|5.0|364.54535410255596|3.8481455208329223|106.19544942574443|0.0038249613082127934|0.0|1.2|SRID=32632;LINESTRING(442569.62816447 5773699.80953874,442569.840235548 5773705.12421159)
414|732.9296350993833|5.0|417.96657738901615|4.939948028770254|104.93195076465577|0.019044683042247046|0.0|1.2|SRID=32632;LINESTRING(442581.045000062 5773655.91707562,442572.908924039 5773672.55197607)
427|751.4476167951022|5.0|409.71523615483756|2.1068172356412522|105.28461985663287|0.016693873573820076|0.0|1.2|SRID=32632;LINESTRING(442572.908924039 5773672.55197607,442568.850455895 5773684.06738143)
436|763.6572738065533|5.0|434.0999211804462|8.426534760084785|102.72441201824995|0.023641077284819702|0.0|1.2|SRID=32632;LINESTRING(442609.547363935 5773599.32435871,442603.489339982 5773615.03419698)
448|780.4946926289233|5.0|388.2038412563751|2.5813149593522993|103.12246673790648|0.010565271038645591|0.0|1.2|SRID=32632;LINESTRING(442603.489339982 5773615.03419698,442594.422391754 5773632.32497962)
462|800.0185425148122|7.5|945.9070399379106|4.3921372468144515|103.32874150366872|0.059113488879634066|0.0|1.2|SRID=32632;LINESTRING(442594.422391754 5773632.32497962,442581.045000062 5773655.91707562)
475|827.1394127488713|7.5|625.6109221677062|5.993468662943789|102.72441201824995|-0.0031040942148112525|0.0|1.2|SRID=32632;LINESTRING(442609.547363935 5773599.32435871,442614.49085916 5773585.55179105)
482|841.7723128356893|7.5|645.5191913722193|8.024500174615513|102.67899011774455|7.630909453505821E-4|0.0|1.2|SRID=32632;LINESTRING(442614.49085916 5773585.55179105,442620.73479772 5773569.32813303)
490|859.1560365026833|7.5|667.6118101634751|7.814811672106681|102.6922554798713|0.0050545864370475126|0.0|1.2|SRID=32632;LINESTRING(442620.73479772 5773569.32813303,442619.299282073 5773564.22780706)
493|864.4545296984413|7.5|665.4562909626513|7.546439121784739|102.71903717171537|0.00463587641357748|0.0|1.2|SRID=32632;LINESTRING(442619.299282073 5773564.22780706,442615.619392123 5773555.74953983)
497|873.6969647240962|7.5|662.6596491485826|7.396179018226747|102.76188395825483|0.004092628197946412|0.0|1.2|SRID=32632;LINESTRING(442615.619392123 5773555.74953983,442613.629299225 5773550.66674042)
500|879.1554736457513|7.5|661.0745142334189|7.251075414954113|102.78422360578634|0.0037847154327630807|0.0|1.2|SRID=32632;LINESTRING(442613.629299225 5773550.66674042,442611.977286675 5773544.61227874)
503|885.4312725363653|7.5|659.5301342990978|7.133474987118323|102.80797571870056|0.0034847193305251128|0.0|1.2|SRID=32632;LINESTRING(442611.977286675 5773544.61227874,442611.036792144 5773537.30375163)
507|892.8000647332793|7.5|658.2683744483602|0.8741160277676496|102.83365389131177|0.0032396222344222595|0.0|1.2|SRID=32632;LINESTRING(442611.036792144 5773537.30375163,442608.673554486 5773526.59667781)
512|903.7648411501623|7.5|563.0729925934064|4.932681575323348|102.86917562478737|-0.015252099182623947|0.0|1.2|SRID=32632;LINESTRING(442608.673554486 5773526.59667781,442601.073083289 5773498.88633834)
526|932.4986205046832|7.5|549.7669481275137|28.749192419748656|102.4309251721806|-0.017836800904825315|0.0|1.2|SRID=32632;LINESTRING(442601.073083289 5773498.88633834,442591.232513723 5773467.58667957)
542|965.3087629763384|7.5|550.4441318628321|27.202136570420077|101.84569719325472|-0.017705257832696646|0.0|1.2|SRID=32632;LINESTRING(442591.232513723 5773467.58667957,442589.681576412 5773456.64776122)
547|976.3570814545883|7.5|555.0692976719614|4.5678295019443045|101.65008386597957|-0.016806818475833925|0.0|1.2|SRID=32632;LINESTRING(442589.681576412 5773456.64776122,442589.001301563 5773445.18709992)
553|987.8379146660122|7.5|495.2714231972598|0.6115025106890197|101.45712758624384|-0.02842256720829344|0.0|1.2|SRID=32632;LINESTRING(442589.001301563 5773445.18709992,442593.515452337 5773416.16890644)
567|1017.2051261483102|7.5|495.2714231972598|6.411913540918212|101.45712758624384|-0.02842256720829344|0.0|1.2|SRID=32632;LINESTRING(442589.001301563 5773445.18709992,442593.515452337 5773416.16890644)
581|1046.5723376306084|7.5|650.3146203537863|9.294967467204458|101.43921833710351|0.001694603956532979|0.0|1.2|SRID=32632;LINESTRING(442620.622672563 5773449.82770767,442607.209310623 5773447.81341421)
588|1060.136100259745|5.0|350.1512587871725|1.621642195245455|101.46220354292032|-2.7592054802181817E-4|0.0|1.2|SRID=32632;LINESTRING(442607.209310623 5773447.81341421,442589.001301563 5773445.18709992)
601|1078.5325434129263|5.0|352.656284205091|0.8123320775760579|100.78513844816999|4.37761907225625E-4|0.0|1.2|SRID=32632;LINESTRING(442676.313646879 5773467.09440191,442666.529889323 5773463.84786771)
608|1088.8408845155755|5.0|398.61896207231274|0.16817002468276368|100.78965104723142|0.013532541926377121|0.0|1.2|SRID=32632;LINESTRING(442666.529889323 5773463.84786771,442620.622672563 5773449.82770767)
643|1136.8412744944883|5.0|311.95588269907313|0.5811035291056441|100.9778483482954|-0.011157794077394841|2.0|1.2|SRID=32632;LINESTRING(442738.798272398 5773490.87980269,442706.838302392 5773475.84171287)
668|1172.1624271992873|0.0|0.0|0.0|100.58374219983904|0.006342536046725175|2.0|1.2|SRID=32632;LINESTRING(442706.838302392 5773475.84171287,442676.313646879 5773467.09440191)
