651|154.89491914291648|62
0|0.0|7.5|555.8485383687382|5.570507853200274|101.20947618275852|-0.016655450819117377|0.0|1.2|SRID=32632;LINESTRING(442734.980926668 5773508.51030485,442736.565012031 5773499.75997212)
4|8.89256146200753|5.0|319.10499154325953|1.5782768167874155|101.06136656267208|-0.009121010930902996|0.0|1.2|SRID=32632;LINESTRING(442736.565012031 5773499.75997212,442738.798272398 5773490.87980269)
11|18.0492454095853|5.0|384.44294718108245|1.6983710490049244|101.20947618275852|0.009493791245114928|0.0|1.2|SRID=32632;LINESTRING(442734.980926668 5773508.51030485,442740.534909467 5773514.99818083)
17|26.5896938497377|5.0|377.6507930185135|1.204027168081205|100.92769813539195|0.007558704589112395|0.0|1.2|SRID=32632;LINESTRING(442711.198910063 5773530.92041394,442728.988026736 5773521.59404047)
31|46.6753582440737|7.5|723.2891637363825|9.196463889379418|101.07951973902479|0.015869923183921532|0.0|1.2|SRID=32632;LINESTRING(442728.988026736 5773521.59404047,442740.534909467 5773514.99818083)
37|59.9733229486551|5.0|333.60205554135865|0.9721653768500665|100.92769813539195|-0.004990793267626888|0.0|1.2|SRID=32632;LINESTRING(442711.198910063 5773530.92041394,442712.948054929 5773534.71568022)
40|64.1522646643652|7.5|745.3495728444323|5.940990496981665|100.90684190121138|0.02015516193839896|0.0|1.2|SRID=32632;LINESTRING(442712.948054929 5773534.71568022,442688.145026761 5773545.17971358)
53|91.07226095799|7.5|597.0778210445889|3.8741394693183535|101.44941878589049|-0.008646654650537218|0.0|1.2|SRID=32632;LINESTRING(442688.145026761 5773545.17971358,442691.674631735 5773552.51402551)
57|99.2116861732703|7.5|582.2425856573966|0.5191529371749536|101.37903998700008|-0.011528402006246675|0.0|1.2|SRID=32632;LINESTRING(442691.674631735 5773552.51402551,442698.381792407 5773566.35243828)
64|114.589841853636|7.5|455.4053012800006|1.9280193721179617|101.20175442620219|-0.03616656913472298|0.0|1.2|SRID=32632;LINESTRING(442698.381792407 5773566.35243828,442703.144953951 5773571.97061714)
68|121.955413223807|5.0|162.59773037293442|2.3738713041171233|100.93536698002615|-0.05370997422729191|0.0|1.2|SRID=32632;LINESTRING(442703.144953951 5773571.97061714,442709.752158589 5773577.73440496)
74|130.723332202508|7.5|628.2844345906365|6.2173580860996545|100.46444227765312|-0.0025847639073267306|0.0|1.2|SRID=32632;LINESTRING(442709.752158589 5773577.73440496,442730.121913504 5773589.70238657)
85|154.348731648442|7.5|598.8502256566185|21.825135834254823|100.4033761978691|-0.00830236471036052|0.0|1.2|SRID=32632;LINESTRING(442730.121913504 5773589.70238657,442755.326050106 5773605.16323474)
99|183.917064845214|7.5|667.7333267555254|0.3664672533724486|100.15788911179203|0.005078191058657898|0.0|1.2|SRID=32632;LINESTRING(442755.326050106 5773605.16323474,442779.369067526 5773620.91566434)
113|212.660859393104|7.5|652.1230967587891|0.6436883313711006|100.30385559225702|0.002045900849501674|0.0|1.2|SRID=32632;LINESTRING(442779.369067526 5773620.91566434,442800.580523248 5773632.85199381)
125|237.000165360282|7.5|645.4495233931342|5.794912628374142|100.35365139901155|7.4955792688027E-4|0.0|1.2|SRID=32632;LINESTRING(442800.580523248 5773632.85199381,442818.066651588 5773643.051472)
135|257.243535626014|7.5|397.37506634650674|0.6943053967712957|100.368824977661|-0.047438953542938575|0.0|1.2|SRID=32632;LINESTRING(442818.066651588 5773643.051472,442823.303650062 5773648.79779675)
139|265.018263989851|7.5|641.5907991855545|0.03184075293974449|100.0|0.0|0.0|1.2|SRID=32632;LINESTRING(442823.303650062 5773648.79779675,442831.585971675 5773657.3122725)
145|276.896527694932|7.5|725.6427611095761|0.5009696202963094|100.0|0.016327109930851118|0.0|1.2|SRID=32632;LINESTRING(442831.585971675 5773657.3122725,442815.542258503 5773674.26017518)
156|300.233882676571|7.5|656.9225308040753|0.8652613017061576|100.38103156028052|0.0029781918450895056|0.0|1.2|SRID=32632;LINESTRING(442815.542258503 5773674.26017518,442859.641095635 5773711.12865934)
184|357.714249416397|5.0|342.6697088434652|0.045401677226812695|101.76500847291618|-0.0024074162584797306|0.0|1.2|SRID=32632;LINESTRING(442795.070708682 5773783.74134979,442797.180791903 5773779.63467824)
187|362.331305015676|5.0|335.84476399836166|1.3719451429746383|101.75389329820017|-0.004351844989278464|0.0|1.2|SRID=32632;LINESTRING(442797.180791903 5773779.63467824,442801.077907778 5773770.72426334)
194|372.056684488786|7.5|610.4162444484037|0.001535220242504143|101.71156995427128|-0.0060556633133548605|0.0|1.2|SRID=32632;LINESTRING(442801.077907778 5773770.72426334,442808.525728045 5773761.4837856)
200|383.924980724118|7.5|518.6691969360847|4.104330836725063|101.63969954816696|-0.023877545114504614|0.0|1.2|SRID=32632;LINESTRING(442808.525728045 5773761.4837856,442825.638857249 5773745.24659186)
211|407.515352735693|7.5|584.0650516016733|4.480569313559507|101.07641937619263|-0.011174387642556561|0.0|1.2|SRID=32632;LINESTRING(442825.638857249 5773745.24659186,442841.778295695 5773728.89829422)
222|430.488125950842|11.0|1159.4958652151433|2.9915379809064397|100.81971270306201|-0.010616500451407338|0.0|1.2|SRID=32632;LINESTRING(442841.778295695 5773728.89829422,442859.641095635 5773711.12865934)
230|455.684148362232|7.5|182.35780803221752|4.279322984401521|102.18377371387508|-0.08920609773763344|0.0|1.2|SRID=32632;LINESTRING(442793.38154345 5773788.1212705,442795.070708682 5773783.74134979)
232|460.3785050438855|5.0|312.8191048895745|1.5262192150123117|102.18377371387508|-0.01091186182938877|0.0|1.2|SRID=32632;LINESTRING(442793.38154345 5773788.1212705,442764.549445985 5773776.89564107)
254|491.3188444151167|5.0|387.4403715916778|0.38617830097617434|101.84615700570181|0.010347758313660606|0.0|1.2|SRID=32632;LINESTRING(442764.549445985 5773776.89564107,442735.409576957 5773765.71821665)
276|522.5288874098522|7.5|811.5038660581076|3.0264201197429357E-5|102.16911098757029|0.033005646245639696|0.0|1.2|SRID=32632;LINESTRING(442735.409576957 5773765.71821665,442703.232558563 5773752.49583644)
293|557.3166992267388|5.0|372.42878240384414|2.2559508848822754|103.31730519805834|0.006070952277240774|0.0|1.2|SRID=32632;LINESTRING(442703.232558563 5773752.49583644,442670.198024035 5773738.57163485)
319|593.1658813845376|7.5|930.3341972291074|2.2968589574593405|103.53494387211644|0.056088461158421296|0.0|1.2|SRID=32632;LINESTRING(442670.198024035 5773738.57163485,442646.889431774 5773728.28411425)
331|618.6437846189156|5.0|285.8876434762563|0.7962054445933262|104.96396025807587|-0.01858464285882414|0.0|1.2|SRID=32632;LINESTRING(442646.889431774 5773728.28411425,442646.799678501 5773722.8790388)
335|624.0496052166816|5.0|275.4111218111286|0.3979028915064413|104.86349501290752|-0.02156940686598303|0.0|1.2|SRID=32632;LINESTRING(442646.799678501 5773722.8790388,442636.484366005 5773671.15056117)
373|676.7965583960175|5.0|302.7197432823156|1.9154291061315127|103.72577451884146|-0.013789172828607806|0.0|1.2|SRID=32632;LINESTRING(442636.484366005 5773671.15056117,442629.603806325 5773641.69657715)
395|707.0435297540186|5.0|293.76561556897735|1.2239725702767559|103.30869380324404|-0.016340206365171427|0.0|1.2|SRID=32632;LINESTRING(442629.603806325 5773641.69657715,442628.577332713 5773632.27553863)
402|716.5203232409735|5.0|284.98531935364826|1.6070291293394792|103.15384104198708|-0.018841715258427576|0.0|1.2|SRID=32632;LINESTRING(442628.577332713 5773632.27553863,442629.563935728 5773627.55883467)
405|721.3391074981946|5.0|342.80156231776726|1.6763746920992413|103.11646519594404|-0.002369851166085972|0.0|1.2|SRID=32632;LINESTRING(442613.225036728 5773620.0720712,442620.612064302 5773623.96908477)
411|729.6910468619326|5.0|338.88254663110143|1.5488972797912215|103.09667234270381|-0.0034863798517457555|0.0|1.2|SRID=32632;LINESTRING(442620.612064302 5773623.96908477,442629.563935728 5773627.55883467)
418|739.3358540868956|7.5|634.2732005744934|0.49094467007303116|103.123413490372|-0.0014214449516435554|0.0|1.2|SRID=32632;LINESTRING(442608.904368753 5773617.78597419,442613.225036728 5773620.0720712)
420|744.2240450927616|5.0|256.051425421938|0.8321430412486385|103.123413490372|-0.027084989882846446|0.0|1.2|SRID=32632;LINESTRING(442608.904368753 5773617.78597419,442615.375129541 5773601.63755485)
433|761.6206594845776|5.0|391.52946426070685|1.652521776621894|102.65222636557388|0.011512741980050646|0.0|1.2|SRID=32632;LINESTRING(442615.375129541 5773601.63755485,442609.547363935 5773599.32435871)
438|767.8907255384465|5.0|340.22436921674154|1.4177458345665626|102.72441201824995|-0.0031040942148112525|0.0|1.2|SRID=32632;LINESTRING(442609.547363935 5773599.32435871,442614.49085916 5773585.55179105)
449|782.5236256252645|5.0|353.7981891289096|1.1716495881960125|102.67899011774455|7.630909453505821E-4|0.0|1.2|SRID=32632;LINESTRING(442614.49085916 5773585.55179105,442620.73479772 5773569.32813303)
462|799.9073492922585|5.0|368.8613383047658|1.8852431712699558|102.6922554798713|0.0050545864370475126|0.0|1.2|SRID=32632;LINESTRING(442620.73479772 5773569.32813303,442619.299282073 5773564.22780706)
466|805.2058424880165|5.0|367.39166612238597|1.9206867438698525|102.71903717171537|0.00463587641357748|0.0|1.2|SRID=32632;LINESTRING(442619.299282073 5773564.22780706,442615.619392123 5773555.74953983)
473|814.4482775136715|5.0|365.48486488552095|1.9408736362783947|102.76188395825483|0.004092628197946412|0.0|1.2|SRID=32632;LINESTRING(442615.619392123 5773555.74953983,442613.629299225 5773550.66674042)
477|819.9067864353265|5.0|364.4040910797275|1.9606090572268644|102.78422360578634|0.0037847154327630807|0.0|1.2|SRID=32632;LINESTRING(442613.629299225 5773550.66674042,442611.977286675 5773544.61227874)
482|826.1825853259405|5.0|363.3511047608722|1.9767822411601428|102.80797571870056|0.0034847193305251128|0.0|1.2|SRID=32632;LINESTRING(442611.977286675 5773544.61227874,442611.036792144 5773537.30375163)
487|833.5513775228545|7.5|658.2683744483602|1.8552826909516436|102.83365389131177|0.0032396222344222595|0.0|1.2|SRID=32632;LINESTRING(442611.036792144 5773537.30375163,442608.673554486 5773526.59667781)
492|844.5161539397385|7.5|563.0729925934064|0.8860712008260931|102.86917562478737|-0.015252099182623947|0.0|1.2|SRID=32632;LINESTRING(442608.673554486 5773526.59667781,442601.073083289 5773498.88633834)
506|873.2499332942585|7.5|549.7669481275137|0.926845164881511|102.4309251721806|-0.017836800904825315|0.0|1.2|SRID=32632;LINESTRING(442601.073083289 5773498.88633834,442591.232513723 5773467.58667957)
522|906.0600757659145|7.5|550.4441318628321|2.118128298612387|101.84569719325472|-0.017705257832696646|0.0|1.2|SRID=32632;LINESTRING(442591.232513723 5773467.58667957,442589.681576412 5773456.64776122)
527|917.1083942441635|7.5|555.0692976719614|3.3688948201959166|101.65008386597957|-0.016806818475833925|0.0|1.2|SRID=32632;LINESTRING(442589.681576412 5773456.64776122,442589.001301563 5773445.18709992)
533|928.5892274555875|7.5|495.2714231972598|3.3688948201959166|101.45712758624384|-0.02842256720829344|0.0|1.2|SRID=32632;LINESTRING(442589.001301563 5773445.18709992,442593.515452337 5773416.16890644)
547|957.9564389378858|7.5|495.2714231972598|1.9891898499554372|101.45712758624384|-0.02842256720829344|0.0|1.2|SRID=32632;LINESTRING(442589.001301563 5773445.18709992,442593.515452337 5773416.16890644)
561|987.323650420184|5.0|357.0677997981598|2.213571215952633|101.43921833710351|0.001694603956532979|0.0|1.2|SRID=32632;LINESTRING(442620.622672563 5773449.82770767,442607.209310623 5773447.81341421)
571|1000.8874130493206|5.0|350.1512587871725|2.1647817207362507|101.46220354292032|-2.7592054802181817E-4|0.0|1.2|SRID=32632;LINESTRING(442607.209310623 5773447.81341421,442589.001301563 5773445.18709992)
584|1019.2838562025019|5.0|352.656284205091|0.7341500568683459|100.78513844816999|4.37761907225625E-4|0.0|1.2|SRID=32632;LINESTRING(442676.313646879 5773467.09440191,442666.529889323 5773463.84786771)
591|1029.5921973051509|5.0|398.61896207231274|0.09516456412167065|100.78965104723142|0.013532541926377121|0.0|1.2|SRID=32632;LINESTRING(442666.529889323 5773463.84786771,442620.622672563 5773449.82770767)
626|1077.5925872840637|5.0|311.95588269907313|15.223128148602514|100.9778483482954|-0.011157794077394841|2.0|1.2|SRID=32632;LINESTRING(442738.798272398 5773490.87980269,442706.838302392 5773475.84171287)
651|1112.9137399888627|0.0|0.0|0.0|100.58374219983904|0.006342536046725175|2.0|1.2|SRID=32632;LINESTRING(442706.838302392 5773475.84171287,442676.313646879 5773467.09440191)
